{"/home/travis/build/npmtest/node-npmtest-lazy/test.js":{"path":"/home/travis/build/npmtest/node-npmtest-lazy/test.js","s":{"1":2,"2":2,"3":2,"4":2,"5":2,"6":2,"7":2,"8":1,"9":2,"10":2,"11":1,"12":1,"13":1,"14":1,"15":2,"16":2,"17":2,"18":2,"19":1,"20":1,"21":2,"22":2,"23":2,"24":1,"25":1,"26":1,"27":1,"28":1,"29":1,"30":1,"31":1,"32":1,"33":1,"34":1,"35":1,"36":1,"37":1,"38":1,"39":2,"40":2,"41":1,"42":2,"43":2,"44":1,"45":2,"46":2,"47":1,"48":2,"49":2,"50":1,"51":1,"52":1,"53":1,"54":1},"b":{"1":[2,1,1,1],"2":[1,1,1,1],"3":[1,1],"4":[1,1],"5":[1,1],"6":[1,1],"7":[1,1],"8":[1,1],"9":[1,1],"10":[1,1,1],"11":[1,1],"12":[1,1],"13":[1,1],"14":[1,1],"15":[1,1],"16":[1,1],"17":[1,1]},"f":{"1":2,"2":2,"3":2,"4":2,"5":2,"6":1,"7":1,"8":1,"9":2,"10":2,"11":2,"12":2,"13":1},"fnMap":{"1":{"name":"(anonymous_1)","line":12,"loc":{"start":{"line":12,"column":1},"end":{"line":12,"column":13}}},"2":{"name":"(anonymous_2)","line":19,"loc":{"start":{"line":19,"column":5},"end":{"line":19,"column":17}}},"3":{"name":"(anonymous_3)","line":23,"loc":{"start":{"line":23,"column":24},"end":{"line":23,"column":36}}},"4":{"name":"(anonymous_4)","line":61,"loc":{"start":{"line":61,"column":5},"end":{"line":61,"column":17}}},"5":{"name":"(anonymous_5)","line":82,"loc":{"start":{"line":82,"column":5},"end":{"line":82,"column":17}}},"6":{"name":"(anonymous_6)","line":91,"loc":{"start":{"line":91,"column":77},"end":{"line":94,"column":10}}},"7":{"name":"(anonymous_7)","line":112,"loc":{"start":{"line":112,"column":83},"end":{"line":115,"column":10}},"skip":true},"8":{"name":"(anonymous_8)","line":123,"loc":{"start":{"line":123,"column":77},"end":{"line":126,"column":10}},"skip":true},"9":{"name":"(anonymous_9)","line":139,"loc":{"start":{"line":139,"column":12},"end":{"line":139,"column":40}},"skip":true},"10":{"name":"(anonymous_10)","line":147,"loc":{"start":{"line":147,"column":77},"end":{"line":150,"column":10}},"skip":true},"11":{"name":"(anonymous_11)","line":158,"loc":{"start":{"line":158,"column":83},"end":{"line":161,"column":10}},"skip":true},"12":{"name":"(anonymous_12)","line":169,"loc":{"start":{"line":169,"column":79},"end":{"line":172,"column":10}},"skip":true},"13":{"name":"(anonymous_13)","line":180,"loc":{"start":{"line":180,"column":75},"end":{"line":183,"column":10}},"skip":true}},"statementMap":{"1":{"start":{"line":12,"column":0},"end":{"line":195,"column":5}},"2":{"start":{"line":14,"column":4},"end":{"line":14,"column":14}},"3":{"start":{"line":19,"column":4},"end":{"line":56,"column":9}},"4":{"start":{"line":21,"column":8},"end":{"line":21,"column":19}},"5":{"start":{"line":23,"column":8},"end":{"line":35,"column":13}},"6":{"start":{"line":24,"column":12},"end":{"line":34,"column":13}},"7":{"start":{"line":25,"column":16},"end":{"line":28,"column":30}},"8":{"start":{"line":30,"column":16},"end":{"line":33,"column":27}},"9":{"start":{"line":37,"column":8},"end":{"line":39,"column":21}},"10":{"start":{"line":40,"column":8},"end":{"line":53,"column":9}},"11":{"start":{"line":43,"column":12},"end":{"line":46,"column":14}},"12":{"start":{"line":47,"column":12},"end":{"line":47,"column":18}},"13":{"start":{"line":50,"column":12},"end":{"line":51,"column":46}},"14":{"start":{"line":52,"column":12},"end":{"line":52,"column":18}},"15":{"start":{"line":55,"column":8},"end":{"line":55,"column":35}},"16":{"start":{"line":61,"column":4},"end":{"line":63,"column":9}},"17":{"start":{"line":62,"column":8},"end":{"line":62,"column":15}},"18":{"start":{"line":64,"column":4},"end":{"line":77,"column":5}},"19":{"start":{"line":70,"column":8},"end":{"line":70,"column":14}},"20":{"start":{"line":76,"column":8},"end":{"line":76,"column":14}},"21":{"start":{"line":82,"column":4},"end":{"line":84,"column":9}},"22":{"start":{"line":83,"column":8},"end":{"line":83,"column":15}},"23":{"start":{"line":85,"column":4},"end":{"line":194,"column":5}},"24":{"start":{"line":91,"column":8},"end":{"line":99,"column":10}},"25":{"start":{"line":98,"column":12},"end":{"line":98,"column":35}},"26":{"start":{"line":102,"column":8},"end":{"line":104,"column":63}},"27":{"start":{"line":105,"column":8},"end":{"line":105,"column":14}},"28":{"start":{"line":112,"column":8},"end":{"line":121,"column":10},"skip":true},"29":{"start":{"line":119,"column":12},"end":{"line":119,"column":55},"skip":true},"30":{"start":{"line":120,"column":12},"end":{"line":120,"column":48},"skip":true},"31":{"start":{"line":123,"column":8},"end":{"line":136,"column":10},"skip":true},"32":{"start":{"line":130,"column":12},"end":{"line":130,"column":76},"skip":true},"33":{"start":{"line":131,"column":12},"end":{"line":131,"column":73},"skip":true},"34":{"start":{"line":132,"column":12},"end":{"line":132,"column":74},"skip":true},"35":{"start":{"line":133,"column":12},"end":{"line":133,"column":79},"skip":true},"36":{"start":{"line":134,"column":12},"end":{"line":134,"column":25},"skip":true},"37":{"start":{"line":135,"column":12},"end":{"line":135,"column":45},"skip":true},"38":{"start":{"line":138,"column":8},"end":{"line":145,"column":14},"skip":true},"39":{"start":{"line":143,"column":16},"end":{"line":143,"column":29},"skip":true},"40":{"start":{"line":144,"column":16},"end":{"line":144,"column":55},"skip":true},"41":{"start":{"line":147,"column":8},"end":{"line":156,"column":10},"skip":true},"42":{"start":{"line":154,"column":12},"end":{"line":154,"column":25},"skip":true},"43":{"start":{"line":155,"column":12},"end":{"line":155,"column":45},"skip":true},"44":{"start":{"line":158,"column":8},"end":{"line":167,"column":10},"skip":true},"45":{"start":{"line":165,"column":12},"end":{"line":165,"column":25},"skip":true},"46":{"start":{"line":166,"column":12},"end":{"line":166,"column":48},"skip":true},"47":{"start":{"line":169,"column":8},"end":{"line":178,"column":10},"skip":true},"48":{"start":{"line":176,"column":12},"end":{"line":176,"column":25},"skip":true},"49":{"start":{"line":177,"column":12},"end":{"line":177,"column":46},"skip":true},"50":{"start":{"line":180,"column":8},"end":{"line":189,"column":10},"skip":true},"51":{"start":{"line":187,"column":12},"end":{"line":187,"column":94},"skip":true},"52":{"start":{"line":188,"column":12},"end":{"line":188,"column":48},"skip":true},"53":{"start":{"line":192,"column":8},"end":{"line":192,"column":35},"skip":true},"54":{"start":{"line":193,"column":8},"end":{"line":193,"column":14},"skip":true}},"branchMap":{"1":{"line":25,"type":"binary-expr","locations":[{"start":{"line":25,"column":23},"end":{"line":25,"column":62}},{"start":{"line":26,"column":20},"end":{"line":26,"column":70}},{"start":{"line":27,"column":20},"end":{"line":27,"column":71}},{"start":{"line":28,"column":20},"end":{"line":28,"column":29}}]},"2":{"line":30,"type":"binary-expr","locations":[{"start":{"line":30,"column":23},"end":{"line":30,"column":37}},{"start":{"line":31,"column":20},"end":{"line":31,"column":61}},{"start":{"line":32,"column":20},"end":{"line":32,"column":70}},{"start":{"line":33,"column":20},"end":{"line":33,"column":26}}]},"3":{"line":37,"type":"cond-expr","locations":[{"start":{"line":38,"column":14},"end":{"line":38,"column":20}},{"start":{"line":39,"column":14},"end":{"line":39,"column":20}}]},"4":{"line":40,"type":"switch","locations":[{"start":{"line":42,"column":8},"end":{"line":47,"column":18}},{"start":{"line":49,"column":8},"end":{"line":52,"column":18}}]},"5":{"line":44,"type":"binary-expr","locations":[{"start":{"line":44,"column":16},"end":{"line":44,"column":44}},{"start":{"line":44,"column":48},"end":{"line":44,"column":66}}]},"6":{"line":50,"type":"binary-expr","locations":[{"start":{"line":50,"column":21},"end":{"line":50,"column":49}},{"start":{"line":50,"column":53},"end":{"line":50,"column":72}}]},"7":{"line":64,"type":"switch","locations":[{"start":{"line":69,"column":4},"end":{"line":70,"column":14}},{"start":{"line":75,"column":4},"end":{"line":76,"column":14}}]},"8":{"line":85,"type":"switch","locations":[{"start":{"line":90,"column":4},"end":{"line":105,"column":14}},{"start":{"line":111,"column":4},"end":{"line":193,"column":14},"skip":true}]},"9":{"line":91,"type":"binary-expr","locations":[{"start":{"line":91,"column":42},"end":{"line":91,"column":73}},{"start":{"line":91,"column":77},"end":{"line":99,"column":9}}]},"10":{"line":102,"type":"binary-expr","locations":[{"start":{"line":102,"column":18},"end":{"line":102,"column":32}},{"start":{"line":103,"column":12},"end":{"line":103,"column":53}},{"start":{"line":104,"column":12},"end":{"line":104,"column":61}}]},"11":{"line":112,"type":"binary-expr","locations":[{"start":{"line":112,"column":45},"end":{"line":112,"column":79},"skip":true},{"start":{"line":112,"column":83},"end":{"line":121,"column":9},"skip":true}]},"12":{"line":123,"type":"binary-expr","locations":[{"start":{"line":123,"column":42},"end":{"line":123,"column":73},"skip":true},{"start":{"line":123,"column":77},"end":{"line":136,"column":9},"skip":true}]},"13":{"line":138,"type":"binary-expr","locations":[{"start":{"line":138,"column":48},"end":{"line":138,"column":85},"skip":true},{"start":{"line":139,"column":12},"end":{"line":145,"column":13},"skip":true}]},"14":{"line":147,"type":"binary-expr","locations":[{"start":{"line":147,"column":42},"end":{"line":147,"column":73},"skip":true},{"start":{"line":147,"column":77},"end":{"line":156,"column":9},"skip":true}]},"15":{"line":158,"type":"binary-expr","locations":[{"start":{"line":158,"column":45},"end":{"line":158,"column":79},"skip":true},{"start":{"line":158,"column":83},"end":{"line":167,"column":9},"skip":true}]},"16":{"line":169,"type":"binary-expr","locations":[{"start":{"line":169,"column":43},"end":{"line":169,"column":75},"skip":true},{"start":{"line":169,"column":79},"end":{"line":178,"column":9},"skip":true}]},"17":{"line":180,"type":"binary-expr","locations":[{"start":{"line":180,"column":41},"end":{"line":180,"column":71},"skip":true},{"start":{"line":180,"column":75},"end":{"line":189,"column":9},"skip":true}]}},"code":["/* istanbul instrument in package npmtest_lazy */","/*jslint","    bitwise: true,","    browser: true,","    maxerr: 8,","    maxlen: 96,","    node: true,","    nomen: true,","    regexp: true,","    stupid: true","*/","(function () {","    'use strict';","    var local;","","","","    // run shared js-env code - pre-init","    (function () {","        // init local","        local = {};","        // init modeJs","        local.modeJs = (function () {","            try {","                return typeof navigator.userAgent === 'string' &&","                    typeof document.querySelector('body') === 'object' &&","                    typeof XMLHttpRequest.prototype.open === 'function' &&","                    'browser';","            } catch (errorCaughtBrowser) {","                return module.exports &&","                    typeof process.versions.node === 'string' &&","                    typeof require('http').createServer === 'function' &&","                    'node';","            }","        }());","        // init global","        local.global = local.modeJs === 'browser'","            ? window","            : global;","        switch (local.modeJs) {","        // re-init local from window.local","        case 'browser':","            local = local.global.utility2.objectSetDefault(","                local.global.utility2_rollup || local.global.local,","                local.global.utility2","            );","            break;","        // re-init local from example.js","        case 'node':","            local = (local.global.utility2_rollup || require('utility2'))","                .requireExampleJsFromReadme();","            break;","        }","        // export local","        local.global.local = local;","    }());","","","","    // run shared js-env code - function","    (function () {","        return;","    }());","    switch (local.modeJs) {","","","","    // run browser js-env code - function","    case 'browser':","        break;","","","","    // run node js-env code - function","    case 'node':","        break;","    }","","","","    // run shared js-env code - post-init","    (function () {","        return;","    }());","    switch (local.modeJs) {","","","","    // run browser js-env code - post-init","    case 'browser':","        local.testCase_browser_nullCase = local.testCase_browser_nullCase || function (","            options,","            onError","        ) {","        /*","         * this function will test browsers's null-case handling-behavior-behavior","         */","            onError(null, options);","        };","","        // run tests","        local.nop(local.modeTest &&","            document.querySelector('#testRunButton1') &&","            document.querySelector('#testRunButton1').click());","        break;","","","","    // run node js-env code - post-init","    /* istanbul ignore next */","    case 'node':","        local.testCase_buildApidoc_default = local.testCase_buildApidoc_default || function (","            options,","            onError","        ) {","        /*","         * this function will test buildApidoc's default handling-behavior-behavior","         */","            options = { modulePathList: module.paths };","            local.buildApidoc(options, onError);","        };","","        local.testCase_buildApp_default = local.testCase_buildApp_default || function (","            options,","            onError","        ) {","        /*","         * this function will test buildApp's default handling-behavior-behavior","         */","            local.testCase_buildReadme_default(options, local.onErrorThrow);","            local.testCase_buildLib_default(options, local.onErrorThrow);","            local.testCase_buildTest_default(options, local.onErrorThrow);","            local.testCase_buildCustomOrg_default(options, local.onErrorThrow);","            options = [];","            local.buildApp(options, onError);","        };","","        local.testCase_buildCustomOrg_default = local.testCase_buildCustomOrg_default ||","            function (options, onError) {","            /*","             * this function will test buildCustomOrg's default handling-behavior","             */","                options = {};","                local.buildCustomOrg(options, onError);","            };","","        local.testCase_buildLib_default = local.testCase_buildLib_default || function (","            options,","            onError","        ) {","        /*","         * this function will test buildLib's default handling-behavior","         */","            options = {};","            local.buildLib(options, onError);","        };","","        local.testCase_buildReadme_default = local.testCase_buildReadme_default || function (","            options,","            onError","        ) {","        /*","         * this function will test buildReadme's default handling-behavior-behavior","         */","            options = {};","            local.buildReadme(options, onError);","        };","","        local.testCase_buildTest_default = local.testCase_buildTest_default || function (","            options,","            onError","        ) {","        /*","         * this function will test buildTest's default handling-behavior","         */","            options = {};","            local.buildTest(options, onError);","        };","","        local.testCase_webpage_default = local.testCase_webpage_default || function (","            options,","            onError","        ) {","        /*","         * this function will test webpage's default handling-behavior","         */","            options = { modeCoverageMerge: true, url: local.serverLocalHost + '?modeTest=1' };","            local.browserTest(options, onError);","        };","","        // run test-server","        local.testRunServer(local);","        break;","    }","}());",""],"l":{"12":2,"14":2,"19":2,"21":2,"23":2,"24":2,"25":2,"30":1,"37":2,"40":2,"43":1,"47":1,"50":1,"52":1,"55":2,"61":2,"62":2,"64":2,"70":1,"76":1,"82":2,"83":2,"85":2,"91":1,"98":1,"102":1,"105":1,"112":1,"119":1,"120":1,"123":1,"130":1,"131":1,"132":1,"133":1,"134":1,"135":1,"138":1,"143":2,"144":2,"147":1,"154":2,"155":2,"158":1,"165":2,"166":2,"169":1,"176":2,"177":2,"180":1,"187":1,"188":1,"192":1,"193":1}},"/home/travis/build/npmtest/node-npmtest-lazy/lib.npmtest_lazy.js":{"path":"/home/travis/build/npmtest/node-npmtest-lazy/lib.npmtest_lazy.js","s":{"1":2,"2":2,"3":2,"4":2,"5":2,"6":2,"7":2,"8":1,"9":2,"10":2,"11":2,"12":2,"13":1,"14":1,"15":1,"16":1},"b":{"1":[2,1,1,1],"2":[1,1,1,1],"3":[1,1],"4":[2,2],"5":[1,1]},"f":{"1":2,"2":2,"3":2},"fnMap":{"1":{"name":"(anonymous_1)","line":12,"loc":{"start":{"line":12,"column":1},"end":{"line":12,"column":13}}},"2":{"name":"(anonymous_2)","line":19,"loc":{"start":{"line":19,"column":5},"end":{"line":19,"column":17}}},"3":{"name":"(anonymous_3)","line":23,"loc":{"start":{"line":23,"column":24},"end":{"line":23,"column":36}}}},"statementMap":{"1":{"start":{"line":12,"column":0},"end":{"line":53,"column":5}},"2":{"start":{"line":14,"column":4},"end":{"line":14,"column":14}},"3":{"start":{"line":19,"column":4},"end":{"line":52,"column":9}},"4":{"start":{"line":21,"column":8},"end":{"line":21,"column":19}},"5":{"start":{"line":23,"column":8},"end":{"line":35,"column":13}},"6":{"start":{"line":24,"column":12},"end":{"line":34,"column":13}},"7":{"start":{"line":25,"column":16},"end":{"line":28,"column":30}},"8":{"start":{"line":30,"column":16},"end":{"line":33,"column":27}},"9":{"start":{"line":37,"column":8},"end":{"line":39,"column":21}},"10":{"start":{"line":41,"column":8},"end":{"line":41,"column":54}},"11":{"start":{"line":43,"column":8},"end":{"line":43,"column":49}},"12":{"start":{"line":45,"column":8},"end":{"line":51,"column":9}},"13":{"start":{"line":46,"column":12},"end":{"line":46,"column":55}},"14":{"start":{"line":48,"column":12},"end":{"line":48,"column":35}},"15":{"start":{"line":49,"column":12},"end":{"line":49,"column":49}},"16":{"start":{"line":50,"column":12},"end":{"line":50,"column":43}}},"branchMap":{"1":{"line":25,"type":"binary-expr","locations":[{"start":{"line":25,"column":23},"end":{"line":25,"column":62}},{"start":{"line":26,"column":20},"end":{"line":26,"column":70}},{"start":{"line":27,"column":20},"end":{"line":27,"column":71}},{"start":{"line":28,"column":20},"end":{"line":28,"column":29}}]},"2":{"line":30,"type":"binary-expr","locations":[{"start":{"line":30,"column":23},"end":{"line":30,"column":37}},{"start":{"line":31,"column":20},"end":{"line":31,"column":61}},{"start":{"line":32,"column":20},"end":{"line":32,"column":70}},{"start":{"line":33,"column":20},"end":{"line":33,"column":26}}]},"3":{"line":37,"type":"cond-expr","locations":[{"start":{"line":38,"column":14},"end":{"line":38,"column":20}},{"start":{"line":39,"column":14},"end":{"line":39,"column":20}}]},"4":{"line":41,"type":"binary-expr","locations":[{"start":{"line":41,"column":16},"end":{"line":41,"column":44}},{"start":{"line":41,"column":48},"end":{"line":41,"column":53}}]},"5":{"line":45,"type":"if","locations":[{"start":{"line":45,"column":8},"end":{"line":45,"column":8}},{"start":{"line":45,"column":8},"end":{"line":45,"column":8}}]}},"code":["/* istanbul instrument in package npmtest_lazy */","/*jslint","    bitwise: true,","    browser: true,","    maxerr: 8,","    maxlen: 96,","    node: true,","    nomen: true,","    regexp: true,","    stupid: true","*/","(function () {","    'use strict';","    var local;","","","","    // run shared js-env code - pre-init","    (function () {","        // init local","        local = {};","        // init modeJs","        local.modeJs = (function () {","            try {","                return typeof navigator.userAgent === 'string' &&","                    typeof document.querySelector('body') === 'object' &&","                    typeof XMLHttpRequest.prototype.open === 'function' &&","                    'browser';","            } catch (errorCaughtBrowser) {","                return module.exports &&","                    typeof process.versions.node === 'string' &&","                    typeof require('http').createServer === 'function' &&","                    'node';","            }","        }());","        // init global","        local.global = local.modeJs === 'browser'","            ? window","            : global;","        // init utility2_rollup","        local = local.global.utility2_rollup || local;","        // init lib","        local.local = local.npmtest_lazy = local;","        // init exports","        if (local.modeJs === 'browser') {","            local.global.utility2_npmtest_lazy = local;","        } else {","            module.exports = local;","            module.exports.__dirname = __dirname;","            module.exports.module = module;","        }","    }());","}());",""],"l":{"12":2,"14":2,"19":2,"21":2,"23":2,"24":2,"25":2,"30":1,"37":2,"41":2,"43":2,"45":2,"46":1,"48":1,"49":1,"50":1}},"/home/travis/build/npmtest/node-npmtest-lazy/example.js":{"path":"/home/travis/build/npmtest/node-npmtest-lazy/example.js","s":{"1":2,"2":2,"3":2,"4":2,"5":2,"6":2,"7":2,"8":1,"9":2,"10":2,"11":2,"12":2,"13":1,"14":2,"15":2,"16":2,"17":2,"18":2,"19":0,"20":2,"21":1,"22":1,"23":1,"24":1,"25":1,"26":0,"27":0,"28":1,"29":1,"30":2,"31":0,"32":0,"33":0,"34":1,"35":2,"36":2,"37":3,"38":3,"39":3,"40":3,"41":0,"42":3,"43":3,"44":3,"45":1,"46":3,"47":1,"48":1,"49":1,"50":1,"51":1,"52":1,"53":1,"54":1,"55":1,"56":1,"57":0,"58":1,"59":6,"60":6,"61":1,"62":2,"63":0,"64":2,"65":1,"66":1,"67":0,"68":0,"69":0,"70":0,"71":0,"72":0,"73":0,"74":0,"75":0,"76":0,"77":0,"78":0,"79":0,"80":0,"81":0,"82":0,"83":0},"b":{"1":[2,1,1,1],"2":[1,1,1,1],"3":[1,1],"4":[2,2],"5":[1,1],"6":[1,1],"7":[2,0],"8":[2,1,1,1,1,1],"9":[0,2,0],"10":[1,1],"11":[2,1,1],"12":[1,0],"13":[0,2],"14":[2,0,0,0,0,0,0],"15":[0,3],"16":[3,0],"17":[1,1],"18":[0,1],"19":[1,2,0,2],"20":[1,0],"21":[1,1],"22":[0,0],"23":[0,0],"24":[0,0],"25":[0,0],"26":[0,0],"27":[0,0],"28":[0,0]},"f":{"1":2,"2":2,"3":2,"4":2,"5":2,"6":2,"7":3,"8":3,"9":3,"10":1,"11":6,"12":0},"fnMap":{"1":{"name":"(anonymous_1)","line":26,"loc":{"start":{"line":26,"column":1},"end":{"line":26,"column":13}}},"2":{"name":"(anonymous_2)","line":33,"loc":{"start":{"line":33,"column":5},"end":{"line":33,"column":17}}},"3":{"name":"(anonymous_3)","line":37,"loc":{"start":{"line":37,"column":24},"end":{"line":37,"column":36}}},"4":{"name":"(anonymous_4)","line":69,"loc":{"start":{"line":69,"column":31},"end":{"line":69,"column":48}},"skip":true},"5":{"name":"(anonymous_5)","line":78,"loc":{"start":{"line":78,"column":26},"end":{"line":78,"column":45}},"skip":true},"6":{"name":"(anonymous_6)","line":123,"loc":{"start":{"line":123,"column":33},"end":{"line":123,"column":48}},"skip":true},"7":{"name":"(anonymous_7)","line":125,"loc":{"start":{"line":125,"column":27},"end":{"line":125,"column":39}},"skip":true},"8":{"name":"(anonymous_8)","line":133,"loc":{"start":{"line":133,"column":59},"end":{"line":133,"column":74}},"skip":true},"9":{"name":"(anonymous_9)","line":143,"loc":{"start":{"line":143,"column":45},"end":{"line":143,"column":62}},"skip":true},"10":{"name":"(anonymous_10)","line":144,"loc":{"start":{"line":144,"column":73},"end":{"line":144,"column":92}},"skip":true},"11":{"name":"(anonymous_11)","line":272,"loc":{"start":{"line":272,"column":51},"end":{"line":272,"column":77}},"skip":true},"12":{"name":"(anonymous_12)","line":315,"loc":{"start":{"line":315,"column":32},"end":{"line":315,"column":61}},"skip":true}},"statementMap":{"1":{"start":{"line":26,"column":0},"end":{"line":326,"column":5}},"2":{"start":{"line":28,"column":4},"end":{"line":28,"column":14}},"3":{"start":{"line":33,"column":4},"end":{"line":60,"column":9}},"4":{"start":{"line":35,"column":8},"end":{"line":35,"column":19}},"5":{"start":{"line":37,"column":8},"end":{"line":49,"column":13}},"6":{"start":{"line":38,"column":12},"end":{"line":48,"column":13}},"7":{"start":{"line":39,"column":16},"end":{"line":42,"column":30}},"8":{"start":{"line":44,"column":16},"end":{"line":47,"column":27}},"9":{"start":{"line":51,"column":8},"end":{"line":53,"column":21}},"10":{"start":{"line":55,"column":8},"end":{"line":57,"column":45}},"11":{"start":{"line":59,"column":8},"end":{"line":59,"column":35}},"12":{"start":{"line":61,"column":4},"end":{"line":325,"column":5}},"13":{"start":{"line":69,"column":8},"end":{"line":121,"column":10},"skip":true},"14":{"start":{"line":70,"column":12},"end":{"line":88,"column":13},"skip":true},"15":{"start":{"line":76,"column":16},"end":{"line":87,"column":19},"skip":true},"16":{"start":{"line":79,"column":20},"end":{"line":86,"column":21},"skip":true},"17":{"start":{"line":82,"column":24},"end":{"line":82,"column":43},"skip":true},"18":{"start":{"line":83,"column":24},"end":{"line":83,"column":30},"skip":true},"19":{"start":{"line":85,"column":24},"end":{"line":85,"column":49},"skip":true},"20":{"start":{"line":89,"column":12},"end":{"line":107,"column":13},"skip":true},"21":{"start":{"line":92,"column":16},"end":{"line":102,"column":17},"skip":true},"22":{"start":{"line":93,"column":20},"end":{"line":93,"column":86},"skip":true},"23":{"start":{"line":94,"column":20},"end":{"line":95,"column":45},"skip":true},"24":{"start":{"line":96,"column":20},"end":{"line":96,"column":42},"skip":true},"25":{"start":{"line":97,"column":20},"end":{"line":97,"column":48},"skip":true},"26":{"start":{"line":100,"column":20},"end":{"line":100,"column":85},"skip":true},"27":{"start":{"line":101,"column":20},"end":{"line":101,"column":96},"skip":true},"28":{"start":{"line":103,"column":16},"end":{"line":103,"column":22},"skip":true},"29":{"start":{"line":106,"column":16},"end":{"line":106,"column":22},"skip":true},"30":{"start":{"line":108,"column":12},"end":{"line":120,"column":13},"skip":true},"31":{"start":{"line":114,"column":16},"end":{"line":119,"column":17},"skip":true},"32":{"start":{"line":116,"column":20},"end":{"line":116,"column":78},"skip":true},"33":{"start":{"line":118,"column":20},"end":{"line":118,"column":47},"skip":true},"34":{"start":{"line":123,"column":8},"end":{"line":141,"column":11},"skip":true},"35":{"start":{"line":124,"column":12},"end":{"line":124,"column":54},"skip":true},"36":{"start":{"line":125,"column":12},"end":{"line":140,"column":14},"skip":true},"37":{"start":{"line":126,"column":16},"end":{"line":126,"column":28},"skip":true},"38":{"start":{"line":127,"column":16},"end":{"line":127,"column":69},"skip":true},"39":{"start":{"line":128,"column":16},"end":{"line":128,"column":75},"skip":true},"40":{"start":{"line":129,"column":16},"end":{"line":131,"column":17},"skip":true},"41":{"start":{"line":130,"column":20},"end":{"line":130,"column":27},"skip":true},"42":{"start":{"line":133,"column":16},"end":{"line":137,"column":36},"skip":true},"43":{"start":{"line":134,"column":20},"end":{"line":136,"column":55},"skip":true},"44":{"start":{"line":139,"column":16},"end":{"line":139,"column":57},"skip":true},"45":{"start":{"line":143,"column":8},"end":{"line":147,"column":11},"skip":true},"46":{"start":{"line":144,"column":12},"end":{"line":146,"column":15},"skip":true},"47":{"start":{"line":145,"column":16},"end":{"line":145,"column":70},"skip":true},"48":{"start":{"line":149,"column":8},"end":{"line":149,"column":31},"skip":true},"49":{"start":{"line":150,"column":8},"end":{"line":150,"column":14},"skip":true},"50":{"start":{"line":158,"column":8},"end":{"line":158,"column":31},"skip":true},"51":{"start":{"line":160,"column":8},"end":{"line":160,"column":33},"skip":true},"52":{"start":{"line":161,"column":8},"end":{"line":161,"column":37},"skip":true},"53":{"start":{"line":162,"column":8},"end":{"line":162,"column":35},"skip":true},"54":{"start":{"line":164,"column":8},"end":{"line":164,"column":50},"skip":true},"55":{"start":{"line":166,"column":8},"end":{"line":256,"column":2},"skip":true},"56":{"start":{"line":258,"column":8},"end":{"line":286,"column":9},"skip":true},"57":{"start":{"line":259,"column":12},"end":{"line":269,"column":14},"skip":true},"58":{"start":{"line":271,"column":12},"end":{"line":285,"column":19},"skip":true},"59":{"start":{"line":274,"column":20},"end":{"line":274,"column":35},"skip":true},"60":{"start":{"line":275,"column":20},"end":{"line":284,"column":21},"skip":true},"61":{"start":{"line":277,"column":24},"end":{"line":277,"column":64},"skip":true},"62":{"start":{"line":279,"column":24},"end":{"line":279,"column":40},"skip":true},"63":{"start":{"line":281,"column":24},"end":{"line":281,"column":40},"skip":true},"64":{"start":{"line":283,"column":24},"end":{"line":283,"column":39},"skip":true},"65":{"start":{"line":288,"column":8},"end":{"line":290,"column":9},"skip":true},"66":{"start":{"line":289,"column":12},"end":{"line":289,"column":18},"skip":true},"67":{"start":{"line":291,"column":8},"end":{"line":293,"column":54},"skip":true},"68":{"start":{"line":296,"column":8},"end":{"line":301,"column":37},"skip":true},"69":{"start":{"line":303,"column":8},"end":{"line":303,"column":82},"skip":true},"70":{"start":{"line":306,"column":8},"end":{"line":308,"column":9},"skip":true},"71":{"start":{"line":307,"column":12},"end":{"line":307,"column":82},"skip":true},"72":{"start":{"line":310,"column":8},"end":{"line":312,"column":9},"skip":true},"73":{"start":{"line":311,"column":12},"end":{"line":311,"column":18},"skip":true},"74":{"start":{"line":313,"column":8},"end":{"line":313,"column":54},"skip":true},"75":{"start":{"line":314,"column":8},"end":{"line":314,"column":69},"skip":true},"76":{"start":{"line":315,"column":8},"end":{"line":323,"column":36},"skip":true},"77":{"start":{"line":316,"column":12},"end":{"line":316,"column":61},"skip":true},"78":{"start":{"line":317,"column":12},"end":{"line":320,"column":13},"skip":true},"79":{"start":{"line":318,"column":16},"end":{"line":318,"column":75},"skip":true},"80":{"start":{"line":319,"column":16},"end":{"line":319,"column":23},"skip":true},"81":{"start":{"line":321,"column":12},"end":{"line":321,"column":38},"skip":true},"82":{"start":{"line":322,"column":12},"end":{"line":322,"column":27},"skip":true},"83":{"start":{"line":324,"column":8},"end":{"line":324,"column":14},"skip":true}},"branchMap":{"1":{"line":39,"type":"binary-expr","locations":[{"start":{"line":39,"column":23},"end":{"line":39,"column":62}},{"start":{"line":40,"column":20},"end":{"line":40,"column":70}},{"start":{"line":41,"column":20},"end":{"line":41,"column":71}},{"start":{"line":42,"column":20},"end":{"line":42,"column":29}}]},"2":{"line":44,"type":"binary-expr","locations":[{"start":{"line":44,"column":23},"end":{"line":44,"column":37}},{"start":{"line":45,"column":20},"end":{"line":45,"column":61}},{"start":{"line":46,"column":20},"end":{"line":46,"column":70}},{"start":{"line":47,"column":20},"end":{"line":47,"column":26}}]},"3":{"line":51,"type":"cond-expr","locations":[{"start":{"line":52,"column":14},"end":{"line":52,"column":20}},{"start":{"line":53,"column":14},"end":{"line":53,"column":20}}]},"4":{"line":55,"type":"binary-expr","locations":[{"start":{"line":55,"column":16},"end":{"line":55,"column":44}},{"start":{"line":55,"column":49},"end":{"line":57,"column":43}}]},"5":{"line":55,"type":"cond-expr","locations":[{"start":{"line":56,"column":14},"end":{"line":56,"column":48}},{"start":{"line":57,"column":14},"end":{"line":57,"column":43}}]},"6":{"line":61,"type":"switch","locations":[{"start":{"line":68,"column":4},"end":{"line":150,"column":14},"skip":true},{"start":{"line":156,"column":4},"end":{"line":324,"column":14},"skip":true}]},"7":{"line":70,"type":"if","locations":[{"start":{"line":70,"column":12},"end":{"line":70,"column":12},"skip":true},{"start":{"line":70,"column":12},"end":{"line":70,"column":12},"skip":true}]},"8":{"line":70,"type":"binary-expr","locations":[{"start":{"line":70,"column":16},"end":{"line":70,"column":22},"skip":true},{"start":{"line":70,"column":27},"end":{"line":70,"column":32},"skip":true},{"start":{"line":71,"column":20},"end":{"line":71,"column":39},"skip":true},{"start":{"line":72,"column":20},"end":{"line":72,"column":49},"skip":true},{"start":{"line":73,"column":20},"end":{"line":73,"column":58},"skip":true},{"start":{"line":74,"column":20},"end":{"line":74,"column":69},"skip":true}]},"9":{"line":79,"type":"switch","locations":[{"start":{"line":80,"column":20},"end":{"line":80,"column":33},"skip":true},{"start":{"line":81,"column":20},"end":{"line":83,"column":30},"skip":true},{"start":{"line":84,"column":20},"end":{"line":85,"column":49},"skip":true}]},"10":{"line":89,"type":"switch","locations":[{"start":{"line":90,"column":12},"end":{"line":103,"column":22},"skip":true},{"start":{"line":105,"column":12},"end":{"line":106,"column":22},"skip":true}]},"11":{"line":89,"type":"binary-expr","locations":[{"start":{"line":89,"column":20},"end":{"line":89,"column":25},"skip":true},{"start":{"line":89,"column":29},"end":{"line":89,"column":48},"skip":true},{"start":{"line":89,"column":52},"end":{"line":89,"column":74},"skip":true}]},"12":{"line":92,"type":"if","locations":[{"start":{"line":92,"column":16},"end":{"line":92,"column":16},"skip":true},{"start":{"line":92,"column":16},"end":{"line":92,"column":16},"skip":true}]},"13":{"line":108,"type":"if","locations":[{"start":{"line":108,"column":12},"end":{"line":108,"column":12},"skip":true},{"start":{"line":108,"column":12},"end":{"line":108,"column":12},"skip":true}]},"14":{"line":108,"type":"binary-expr","locations":[{"start":{"line":108,"column":16},"end":{"line":108,"column":61},"skip":true},{"start":{"line":108,"column":66},"end":{"line":108,"column":72},"skip":true},{"start":{"line":108,"column":77},"end":{"line":108,"column":82},"skip":true},{"start":{"line":109,"column":20},"end":{"line":109,"column":39},"skip":true},{"start":{"line":110,"column":20},"end":{"line":110,"column":49},"skip":true},{"start":{"line":111,"column":20},"end":{"line":111,"column":58},"skip":true},{"start":{"line":112,"column":20},"end":{"line":112,"column":68},"skip":true}]},"15":{"line":129,"type":"if","locations":[{"start":{"line":129,"column":16},"end":{"line":129,"column":16},"skip":true},{"start":{"line":129,"column":16},"end":{"line":129,"column":16},"skip":true}]},"16":{"line":134,"type":"cond-expr","locations":[{"start":{"line":135,"column":26},"end":{"line":135,"column":29},"skip":true},{"start":{"line":136,"column":26},"end":{"line":136,"column":54},"skip":true}]},"17":{"line":164,"type":"binary-expr","locations":[{"start":{"line":164,"column":27},"end":{"line":164,"column":43},"skip":true},{"start":{"line":164,"column":47},"end":{"line":164,"column":49},"skip":true}]},"18":{"line":258,"type":"if","locations":[{"start":{"line":258,"column":8},"end":{"line":258,"column":8},"skip":true},{"start":{"line":258,"column":8},"end":{"line":258,"column":8},"skip":true}]},"19":{"line":275,"type":"switch","locations":[{"start":{"line":276,"column":20},"end":{"line":277,"column":64},"skip":true},{"start":{"line":278,"column":20},"end":{"line":279,"column":40},"skip":true},{"start":{"line":280,"column":20},"end":{"line":281,"column":40},"skip":true},{"start":{"line":282,"column":20},"end":{"line":283,"column":39},"skip":true}]},"20":{"line":288,"type":"if","locations":[{"start":{"line":288,"column":8},"end":{"line":288,"column":8},"skip":true},{"start":{"line":288,"column":8},"end":{"line":288,"column":8},"skip":true}]},"21":{"line":288,"type":"binary-expr","locations":[{"start":{"line":288,"column":12},"end":{"line":288,"column":40},"skip":true},{"start":{"line":288,"column":44},"end":{"line":288,"column":67},"skip":true}]},"22":{"line":292,"type":"binary-expr","locations":[{"start":{"line":292,"column":12},"end":{"line":292,"column":50},"skip":true},{"start":{"line":293,"column":12},"end":{"line":293,"column":53},"skip":true}]},"23":{"line":297,"type":"binary-expr","locations":[{"start":{"line":297,"column":12},"end":{"line":297,"column":62},"skip":true},{"start":{"line":298,"column":12},"end":{"line":301,"column":36},"skip":true}]},"24":{"line":303,"type":"binary-expr","locations":[{"start":{"line":303,"column":43},"end":{"line":303,"column":75},"skip":true},{"start":{"line":303,"column":79},"end":{"line":303,"column":81},"skip":true}]},"25":{"line":306,"type":"if","locations":[{"start":{"line":306,"column":8},"end":{"line":306,"column":8},"skip":true},{"start":{"line":306,"column":8},"end":{"line":306,"column":8},"skip":true}]},"26":{"line":310,"type":"if","locations":[{"start":{"line":310,"column":8},"end":{"line":310,"column":8},"skip":true},{"start":{"line":310,"column":8},"end":{"line":310,"column":8},"skip":true}]},"27":{"line":313,"type":"binary-expr","locations":[{"start":{"line":313,"column":27},"end":{"line":313,"column":43},"skip":true},{"start":{"line":313,"column":47},"end":{"line":313,"column":53},"skip":true}]},"28":{"line":317,"type":"if","locations":[{"start":{"line":317,"column":12},"end":{"line":317,"column":12},"skip":true},{"start":{"line":317,"column":12},"end":{"line":317,"column":12},"skip":true}]}},"code":["/*","example.js","","quickstart example","","instruction","    1. save this script as example.js","    2. run the shell command:","        $ npm install npmtest-lazy && PORT=8081 node example.js","    3. play with the browser-demo on http://127.0.0.1:8081","*/","","","","/* istanbul instrument in package npmtest_lazy */","/*jslint","    bitwise: true,","    browser: true,","    maxerr: 8,","    maxlen: 96,","    node: true,","    nomen: true,","    regexp: true,","    stupid: true","*/","(function () {","    'use strict';","    var local;","","","","    // run shared js-env code - pre-init","    (function () {","        // init local","        local = {};","        // init modeJs","        local.modeJs = (function () {","            try {","                return typeof navigator.userAgent === 'string' &&","                    typeof document.querySelector('body') === 'object' &&","                    typeof XMLHttpRequest.prototype.open === 'function' &&","                    'browser';","            } catch (errorCaughtBrowser) {","                return module.exports &&","                    typeof process.versions.node === 'string' &&","                    typeof require('http').createServer === 'function' &&","                    'node';","            }","        }());","        // init global","        local.global = local.modeJs === 'browser'","            ? window","            : global;","        // init utility2_rollup","        local = local.global.utility2_rollup || (local.modeJs === 'browser'","            ? local.global.utility2_npmtest_lazy","            : global.utility2_moduleExports);","        // export local","        local.global.local = local;","    }());","    switch (local.modeJs) {","","","","    // post-init","    // run browser js-env code - post-init","    /* istanbul ignore next */","    case 'browser':","        local.testRunBrowser = function (event) {","            if (!event || (event &&","                    event.currentTarget &&","                    event.currentTarget.className &&","                    event.currentTarget.className.includes &&","                    event.currentTarget.className.includes('onreset'))) {","                // reset output","                Array.from(","                    document.querySelectorAll('body > .resettable')","                ).forEach(function (element) {","                    switch (element.tagName) {","                    case 'INPUT':","                    case 'TEXTAREA':","                        element.value = '';","                        break;","                    default:","                        element.textContent = '';","                    }","                });","            }","            switch (event && event.currentTarget && event.currentTarget.id) {","            case 'testRunButton1':","                // show tests","                if (document.querySelector('#testReportDiv1').style.display === 'none') {","                    document.querySelector('#testReportDiv1').style.display = 'block';","                    document.querySelector('#testRunButton1').textContent =","                        'hide internal test';","                    local.modeTest = true;","                    local.testRunDefault(local);","                // hide tests","                } else {","                    document.querySelector('#testReportDiv1').style.display = 'none';","                    document.querySelector('#testRunButton1').textContent = 'run internal test';","                }","                break;","            // custom-case","            default:","                break;","            }","            if (document.querySelector('#inputTextareaEval1') && (!event || (event &&","                    event.currentTarget &&","                    event.currentTarget.className &&","                    event.currentTarget.className.includes &&","                    event.currentTarget.className.includes('oneval')))) {","                // try to eval input-code","                try {","                    /*jslint evil: true*/","                    eval(document.querySelector('#inputTextareaEval1').value);","                } catch (errorCaught) {","                    console.error(errorCaught);","                }","            }","        };","        // log stderr and stdout to #outputTextareaStdout1","        ['error', 'log'].forEach(function (key) {","            console[key + '_original'] = console[key];","            console[key] = function () {","                var element;","                console[key + '_original'].apply(console, arguments);","                element = document.querySelector('#outputTextareaStdout1');","                if (!element) {","                    return;","                }","                // append text to #outputTextareaStdout1","                element.value += Array.from(arguments).map(function (arg) {","                    return typeof arg === 'string'","                        ? arg","                        : JSON.stringify(arg, null, 4);","                }).join(' ') + '\\n';","                // scroll textarea to bottom","                element.scrollTop = element.scrollHeight;","            };","        });","        // init event-handling","        ['change', 'click', 'keyup'].forEach(function (event) {","            Array.from(document.querySelectorAll('.on' + event)).forEach(function (element) {","                element.addEventListener(event, local.testRunBrowser);","            });","        });","        // run tests","        local.testRunBrowser();","        break;","","","","    // run node js-env code - post-init","    /* istanbul ignore next */","    case 'node':","        // export local","        module.exports = local;","        // require modules","        local.fs = require('fs');","        local.http = require('http');","        local.url = require('url');","        // init assets","        local.assetsDict = local.assetsDict || {};","        /* jslint-ignore-begin */","        local.assetsDict['/assets.index.template.html'] = '\\","<!doctype html>\\n\\","<html lang=\"en\">\\n\\","<head>\\n\\","<meta charset=\"UTF-8\">\\n\\","<meta name=\"viewport\" content=\"width=device-width, initial-scale=1\">\\n\\","<title>{{env.npm_package_name}} (v{{env.npm_package_version}})</title>\\n\\","<style>\\n\\","/*csslint\\n\\","    box-sizing: false,\\n\\","    universal-selector: false\\n\\","*/\\n\\","* {\\n\\","    box-sizing: border-box;\\n\\","}\\n\\","body {\\n\\","    background: #dde;\\n\\","    font-family: Arial, Helvetica, sans-serif;\\n\\","    margin: 2rem;\\n\\","}\\n\\","body > * {\\n\\","    margin-bottom: 1rem;\\n\\","}\\n\\",".utility2FooterDiv {\\n\\","    margin-top: 20px;\\n\\","    text-align: center;\\n\\","}\\n\\","</style>\\n\\","<style>\\n\\","/*csslint\\n\\","*/\\n\\","textarea {\\n\\","    font-family: monospace;\\n\\","    height: 10rem;\\n\\","    width: 100%;\\n\\","}\\n\\","textarea[readonly] {\\n\\","    background: #ddd;\\n\\","}\\n\\","</style>\\n\\","</head>\\n\\","<body>\\n\\","<!-- utility2-comment\\n\\","<div id=\"ajaxProgressDiv1\" style=\"background: #d00; height: 2px; left: 0; margin: 0; padding: 0; position: fixed; top: 0; transition: background 0.5s, width 1.5s; width: 25%;\"></div>\\n\\","utility2-comment -->\\n\\","<h1>\\n\\","<!-- utility2-comment\\n\\","    <a\\n\\","        {{#if env.npm_package_homepage}}\\n\\","        href=\"{{env.npm_package_homepage}}\"\\n\\","        {{/if env.npm_package_homepage}}\\n\\","        target=\"_blank\"\\n\\","    >\\n\\","utility2-comment -->\\n\\","        {{env.npm_package_name}} (v{{env.npm_package_version}})\\n\\","<!-- utility2-comment\\n\\","    </a>\\n\\","utility2-comment -->\\n\\","</h1>\\n\\","<h3>{{env.npm_package_description}}</h3>\\n\\","<!-- utility2-comment\\n\\","<h4><a download href=\"assets.app.js\">download standalone app</a></h4>\\n\\","<button class=\"onclick onreset\" id=\"testRunButton1\">run internal test</button><br>\\n\\","<div id=\"testReportDiv1\" style=\"display: none;\"></div>\\n\\","utility2-comment -->\\n\\","\\n\\","\\n\\","\\n\\","<label>stderr and stdout</label>\\n\\","<textarea class=\"resettable\" id=\"outputTextareaStdout1\" readonly></textarea>\\n\\","<!-- utility2-comment\\n\\","{{#if isRollup}}\\n\\","<script src=\"assets.app.js\"></script>\\n\\","{{#unless isRollup}}\\n\\","utility2-comment -->\\n\\","<script src=\"assets.utility2.rollup.js\"></script>\\n\\","<script src=\"jsonp.utility2._stateInit?callback=window.utility2._stateInit\"></script>\\n\\","<script src=\"assets.npmtest_lazy.rollup.js\"></script>\\n\\","<script src=\"assets.example.js\"></script>\\n\\","<script src=\"assets.test.js\"></script>\\n\\","<!-- utility2-comment\\n\\","{{/if isRollup}}\\n\\","utility2-comment -->\\n\\","<div class=\"utility2FooterDiv\">\\n\\","    [ this app was created with\\n\\","    <a href=\"https://github.com/kaizhu256/node-utility2\" target=\"_blank\">utility2</a>\\n\\","    ]\\n\\","</div>\\n\\","</body>\\n\\","</html>\\n\\","';","        /* jslint-ignore-end */","        if (local.templateRender) {","            local.assetsDict['/'] = local.templateRender(","                local.assetsDict['/assets.index.template.html'],","                {","                    env: local.objectSetDefault(local.env, {","                        npm_package_description: 'the greatest app in the world!',","                        npm_package_name: 'my-app',","                        npm_package_nameAlias: 'my_app',","                        npm_package_version: '0.0.1'","                    })","                }","            );","        } else {","            local.assetsDict['/'] = local.assetsDict['/assets.index.template.html']","                .replace((/\\{\\{env\\.(\\w+?)\\}\\}/g), function (match0, match1) {","                    // jslint-hack","                    String(match0);","                    switch (match1) {","                    case 'npm_package_description':","                        return 'the greatest app in the world!';","                    case 'npm_package_name':","                        return 'my-app';","                    case 'npm_package_nameAlias':","                        return 'my_app';","                    case 'npm_package_version':","                        return '0.0.1';","                    }","                });","        }","        // run the cli","        if (local.global.utility2_rollup || module !== require.main) {","            break;","        }","        local.assetsDict['/assets.example.js'] =","            local.assetsDict['/assets.example.js'] ||","            local.fs.readFileSync(__filename, 'utf8');","        // bug-workaround - long $npm_package_buildCustomOrg","        /* jslint-ignore-begin */","        local.assetsDict['/assets.npmtest_lazy.rollup.js'] =","            local.assetsDict['/assets.npmtest_lazy.rollup.js'] ||","            local.fs.readFileSync(","                local.npmtest_lazy.__dirname + '/lib.npmtest_lazy.js',","                'utf8'","            ).replace((/^#!/), '//');","        /* jslint-ignore-end */","        local.assetsDict['/favicon.ico'] = local.assetsDict['/favicon.ico'] || '';","        // if $npm_config_timeout_exit exists,","        // then exit this process after $npm_config_timeout_exit ms","        if (Number(process.env.npm_config_timeout_exit)) {","            setTimeout(process.exit, Number(process.env.npm_config_timeout_exit));","        }","        // start server","        if (local.global.utility2_serverHttp1) {","            break;","        }","        process.env.PORT = process.env.PORT || '8081';","        console.error('server starting on port ' + process.env.PORT);","        local.http.createServer(function (request, response) {","            request.urlParsed = local.url.parse(request.url);","            if (local.assetsDict[request.urlParsed.pathname] !== undefined) {","                response.end(local.assetsDict[request.urlParsed.pathname]);","                return;","            }","            response.statusCode = 404;","            response.end();","        }).listen(process.env.PORT);","        break;","    }","}());",""],"l":{"26":2,"28":2,"33":2,"35":2,"37":2,"38":2,"39":2,"44":1,"51":2,"55":2,"59":2,"61":2,"69":1,"70":2,"76":2,"79":2,"82":2,"83":2,"85":1,"89":2,"92":1,"93":1,"94":1,"96":1,"97":1,"100":1,"101":1,"103":1,"106":1,"108":2,"114":1,"116":1,"118":1,"123":1,"124":2,"125":2,"126":3,"127":3,"128":3,"129":3,"130":1,"133":3,"134":3,"139":3,"143":1,"144":3,"145":1,"149":1,"150":1,"158":1,"160":1,"161":1,"162":1,"164":1,"166":1,"258":1,"259":1,"271":1,"274":6,"275":6,"277":1,"279":2,"281":1,"283":2,"288":1,"289":1,"291":1,"296":1,"303":1,"306":1,"307":1,"310":1,"311":1,"313":1,"314":1,"315":1,"316":1,"317":1,"318":1,"319":1,"321":1,"322":1,"324":1}},"/home/travis/build/npmtest/node-npmtest-lazy/node_modules/lazy/lazy.js":{"path":"/home/travis/build/npmtest/node-npmtest-lazy/node_modules/lazy/lazy.js","s":{"1":1,"2":1,"3":1,"4":1,"5":0,"6":0,"7":0,"8":0,"9":0,"10":0,"11":0,"12":0,"13":0,"14":0,"15":0,"16":0,"17":0,"18":0,"19":0,"20":0,"21":0,"22":0,"23":0,"24":0,"25":0,"26":0,"27":0,"28":0,"29":0,"30":0,"31":0,"32":0,"33":0,"34":0,"35":0,"36":0,"37":0,"38":0,"39":0,"40":1,"41":0,"42":0,"43":0,"44":0,"45":0,"46":0,"47":0,"48":0,"49":0,"50":0,"51":0,"52":0,"53":0,"54":0,"55":0,"56":0,"57":0,"58":0,"59":0,"60":0,"61":0,"62":0,"63":0,"64":0,"65":0,"66":0,"67":0,"68":0,"69":0,"70":0,"71":0,"72":0,"73":0,"74":0,"75":0,"76":0,"77":0,"78":0,"79":0,"80":0,"81":0,"82":0,"83":0,"84":0,"85":0,"86":0,"87":0,"88":0,"89":0,"90":0,"91":0,"92":0,"93":0,"94":0,"95":0,"96":0,"97":0,"98":0,"99":0,"100":0,"101":0,"102":0,"103":0,"104":0,"105":0,"106":0,"107":0,"108":0,"109":0,"110":0,"111":0,"112":0,"113":0,"114":0,"115":0,"116":0,"117":0,"118":0,"119":0,"120":0,"121":0,"122":0,"123":0,"124":0,"125":0,"126":0,"127":0,"128":0,"129":0,"130":0,"131":0,"132":0,"133":0,"134":0,"135":0,"136":0,"137":0,"138":0,"139":0,"140":0,"141":0,"142":0,"143":0,"144":0,"145":0,"146":0,"147":0,"148":0,"149":1,"150":0,"151":0,"152":0,"153":0,"154":0,"155":0,"156":0,"157":0,"158":0,"159":0,"160":0,"161":0,"162":0,"163":0,"164":0,"165":0,"166":0,"167":0,"168":0,"169":0,"170":0,"171":0,"172":0,"173":0,"174":0,"175":0,"176":0,"177":0,"178":0,"179":0,"180":0,"181":0,"182":0,"183":0,"184":0,"185":0,"186":0,"187":0,"188":0,"189":0,"190":0,"191":0,"192":0,"193":0,"194":0,"195":0,"196":0,"197":0,"198":0,"199":0,"200":0,"201":0,"202":0,"203":0,"204":0,"205":0,"206":0,"207":0,"208":1,"209":0,"210":0,"211":0,"212":0,"213":0,"214":0,"215":0,"216":0,"217":0,"218":0,"219":0,"220":1,"221":1},"b":{"1":[0,0],"2":[0,0],"3":[0,0],"4":[0,0],"5":[0,0],"6":[0,0],"7":[0,0],"8":[0,0],"9":[0,0],"10":[0,0],"11":[0,0],"12":[0,0],"13":[0,0],"14":[0,0],"15":[0,0],"16":[0,0],"17":[0,0],"18":[0,0],"19":[0,0],"20":[0,0],"21":[0,0],"22":[0,0],"23":[0,0],"24":[0,0],"25":[0,0],"26":[0,0],"27":[0,0],"28":[0,0],"29":[0,0],"30":[0,0],"31":[0,0],"32":[0,0],"33":[0,0],"34":[0,0],"35":[0,0],"36":[0,0],"37":[0,0],"38":[0,0],"39":[0,0],"40":[0,0],"41":[0,0],"42":[0,0],"43":[0,0],"44":[0,0],"45":[0,0],"46":[0,0],"47":[0,0],"48":[0,0],"49":[0,0],"50":[0,0],"51":[0,0],"52":[0,0,0],"53":[0,0],"54":[0,0]},"f":{"1":0,"2":0,"3":0,"4":0,"5":0,"6":0,"7":0,"8":0,"9":0,"10":0,"11":0,"12":0,"13":0,"14":0,"15":0,"16":0,"17":0,"18":0,"19":0,"20":0,"21":0,"22":0,"23":0,"24":0,"25":0,"26":0,"27":0,"28":0,"29":0,"30":0,"31":0,"32":0,"33":0,"34":0,"35":0,"36":0,"37":0,"38":0,"39":0,"40":0,"41":0,"42":0,"43":0,"44":0,"45":0,"46":0,"47":0,"48":0,"49":0,"50":0,"51":0,"52":0,"53":0,"54":0,"55":0,"56":0},"fnMap":{"1":{"name":"Lazy","line":5,"loc":{"start":{"line":5,"column":0},"end":{"line":5,"column":24}}},"2":{"name":"(anonymous_2)","line":11,"loc":{"start":{"line":11,"column":16},"end":{"line":11,"column":35}}},"3":{"name":"g","line":12,"loc":{"start":{"line":12,"column":22},"end":{"line":12,"column":36}}},"4":{"name":"(anonymous_4)","line":25,"loc":{"start":{"line":25,"column":28},"end":{"line":25,"column":40}}},"5":{"name":"(anonymous_5)","line":26,"loc":{"start":{"line":26,"column":27},"end":{"line":26,"column":39}}},"6":{"name":"(anonymous_6)","line":31,"loc":{"start":{"line":31,"column":16},"end":{"line":31,"column":29}}},"7":{"name":"(anonymous_7)","line":35,"loc":{"start":{"line":35,"column":15},"end":{"line":35,"column":27}}},"8":{"name":"(anonymous_8)","line":40,"loc":{"start":{"line":40,"column":23},"end":{"line":40,"column":35}}},"9":{"name":"(anonymous_9)","line":43,"loc":{"start":{"line":43,"column":26},"end":{"line":43,"column":38}}},"10":{"name":"(anonymous_10)","line":48,"loc":{"start":{"line":48,"column":30},"end":{"line":48,"column":42}}},"11":{"name":"(anonymous_11)","line":54,"loc":{"start":{"line":54,"column":28},"end":{"line":54,"column":41}}},"12":{"name":"newLazy","line":60,"loc":{"start":{"line":60,"column":4},"end":{"line":60,"column":31}}},"13":{"name":"(anonymous_13)","line":62,"loc":{"start":{"line":62,"column":16},"end":{"line":62,"column":28}}},"14":{"name":"(anonymous_14)","line":67,"loc":{"start":{"line":67,"column":16},"end":{"line":67,"column":29}}},"15":{"name":"(anonymous_15)","line":72,"loc":{"start":{"line":72,"column":26},"end":{"line":72,"column":42}}},"16":{"name":"(anonymous_16)","line":77,"loc":{"start":{"line":77,"column":28},"end":{"line":77,"column":40}}},"17":{"name":"(anonymous_17)","line":83,"loc":{"start":{"line":83,"column":18},"end":{"line":83,"column":31}}},"18":{"name":"(anonymous_18)","line":84,"loc":{"start":{"line":84,"column":23},"end":{"line":84,"column":36}}},"19":{"name":"(anonymous_19)","line":89,"loc":{"start":{"line":89,"column":19},"end":{"line":89,"column":32}}},"20":{"name":"(anonymous_20)","line":90,"loc":{"start":{"line":90,"column":23},"end":{"line":90,"column":36}}},"21":{"name":"(anonymous_21)","line":96,"loc":{"start":{"line":96,"column":15},"end":{"line":96,"column":28}}},"22":{"name":"(anonymous_22)","line":98,"loc":{"start":{"line":98,"column":12},"end":{"line":98,"column":24}}},"23":{"name":"(anonymous_23)","line":99,"loc":{"start":{"line":99,"column":12},"end":{"line":99,"column":25}}},"24":{"name":"(anonymous_24)","line":103,"loc":{"start":{"line":103,"column":16},"end":{"line":103,"column":29}}},"25":{"name":"g","line":105,"loc":{"start":{"line":105,"column":26},"end":{"line":105,"column":41}}},"26":{"name":"(anonymous_26)","line":111,"loc":{"start":{"line":111,"column":16},"end":{"line":111,"column":28}}},"27":{"name":"(anonymous_27)","line":113,"loc":{"start":{"line":113,"column":23},"end":{"line":113,"column":35}}},"28":{"name":"(anonymous_28)","line":122,"loc":{"start":{"line":122,"column":16},"end":{"line":122,"column":29}}},"29":{"name":"(anonymous_29)","line":123,"loc":{"start":{"line":123,"column":23},"end":{"line":123,"column":35}}},"30":{"name":"(anonymous_30)","line":132,"loc":{"start":{"line":132,"column":16},"end":{"line":132,"column":29}}},"31":{"name":"(anonymous_31)","line":133,"loc":{"start":{"line":133,"column":23},"end":{"line":133,"column":35}}},"32":{"name":"(anonymous_32)","line":139,"loc":{"start":{"line":139,"column":21},"end":{"line":139,"column":34}}},"33":{"name":"(anonymous_33)","line":141,"loc":{"start":{"line":141,"column":23},"end":{"line":141,"column":36}}},"34":{"name":"(anonymous_34)","line":149,"loc":{"start":{"line":149,"column":17},"end":{"line":149,"column":37}}},"35":{"name":"g","line":152,"loc":{"start":{"line":152,"column":26},"end":{"line":152,"column":41}}},"36":{"name":"(anonymous_36)","line":155,"loc":{"start":{"line":155,"column":28},"end":{"line":155,"column":40}}},"37":{"name":"(anonymous_37)","line":160,"loc":{"start":{"line":160,"column":15},"end":{"line":160,"column":28}}},"38":{"name":"(anonymous_38)","line":161,"loc":{"start":{"line":161,"column":26},"end":{"line":161,"column":44}}},"39":{"name":"(anonymous_39)","line":164,"loc":{"start":{"line":164,"column":19},"end":{"line":164,"column":32}}},"40":{"name":"(anonymous_40)","line":165,"loc":{"start":{"line":165,"column":26},"end":{"line":165,"column":44}}},"41":{"name":"(anonymous_41)","line":168,"loc":{"start":{"line":168,"column":16},"end":{"line":168,"column":29}}},"42":{"name":"(anonymous_42)","line":170,"loc":{"start":{"line":170,"column":27},"end":{"line":170,"column":40}}},"43":{"name":"(anonymous_43)","line":174,"loc":{"start":{"line":174,"column":28},"end":{"line":174,"column":40}}},"44":{"name":"(anonymous_44)","line":178,"loc":{"start":{"line":178,"column":18},"end":{"line":178,"column":37}}},"45":{"name":"(anonymous_45)","line":180,"loc":{"start":{"line":180,"column":22},"end":{"line":180,"column":35}}},"46":{"name":"(anonymous_46)","line":186,"loc":{"start":{"line":186,"column":26},"end":{"line":186,"column":39}}},"47":{"name":"(anonymous_47)","line":190,"loc":{"start":{"line":190,"column":28},"end":{"line":190,"column":40}}},"48":{"name":"(anonymous_48)","line":195,"loc":{"start":{"line":195,"column":27},"end":{"line":195,"column":39}}},"49":{"name":"(anonymous_49)","line":206,"loc":{"start":{"line":206,"column":35},"end":{"line":206,"column":47}}},"50":{"name":"(anonymous_50)","line":207,"loc":{"start":{"line":207,"column":31},"end":{"line":207,"column":60}}},"51":{"name":"(anonymous_51)","line":241,"loc":{"start":{"line":241,"column":13},"end":{"line":241,"column":25}}},"52":{"name":"(anonymous_52)","line":301,"loc":{"start":{"line":301,"column":20},"end":{"line":301,"column":32}}},"53":{"name":"g","line":305,"loc":{"start":{"line":305,"column":25},"end":{"line":305,"column":39}}},"54":{"name":"(anonymous_54)","line":312,"loc":{"start":{"line":312,"column":25},"end":{"line":312,"column":37}}},"55":{"name":"mergeBuffers","line":329,"loc":{"start":{"line":329,"column":19},"end":{"line":329,"column":50}}},"56":{"name":"(anonymous_56)","line":336,"loc":{"start":{"line":336,"column":37},"end":{"line":336,"column":59}}}},"statementMap":{"1":{"start":{"line":1,"column":0},"end":{"line":1,"column":50}},"2":{"start":{"line":2,"column":0},"end":{"line":2,"column":27}},"3":{"start":{"line":3,"column":0},"end":{"line":3,"column":31}},"4":{"start":{"line":5,"column":0},"end":{"line":239,"column":1}},"5":{"start":{"line":6,"column":4},"end":{"line":6,"column":59}},"6":{"start":{"line":6,"column":33},"end":{"line":6,"column":59}},"7":{"start":{"line":7,"column":4},"end":{"line":7,"column":28}},"8":{"start":{"line":8,"column":4},"end":{"line":8,"column":20}},"9":{"start":{"line":11,"column":4},"end":{"line":16,"column":5}},"10":{"start":{"line":12,"column":8},"end":{"line":15,"column":11}},"11":{"start":{"line":13,"column":12},"end":{"line":13,"column":41}},"12":{"start":{"line":14,"column":12},"end":{"line":14,"column":37}},"13":{"start":{"line":18,"column":4},"end":{"line":18,"column":25}},"14":{"start":{"line":18,"column":15},"end":{"line":18,"column":25}},"15":{"start":{"line":19,"column":4},"end":{"line":19,"column":39}},"16":{"start":{"line":20,"column":4},"end":{"line":20,"column":39}},"17":{"start":{"line":21,"column":4},"end":{"line":21,"column":37}},"18":{"start":{"line":23,"column":4},"end":{"line":29,"column":5}},"19":{"start":{"line":24,"column":8},"end":{"line":24,"column":26}},"20":{"start":{"line":25,"column":8},"end":{"line":25,"column":58}},"21":{"start":{"line":25,"column":42},"end":{"line":25,"column":55}},"22":{"start":{"line":26,"column":8},"end":{"line":28,"column":11}},"23":{"start":{"line":27,"column":12},"end":{"line":27,"column":44}},"24":{"start":{"line":27,"column":24},"end":{"line":27,"column":44}},"25":{"start":{"line":31,"column":4},"end":{"line":33,"column":5}},"26":{"start":{"line":32,"column":8},"end":{"line":32,"column":31}},"27":{"start":{"line":35,"column":4},"end":{"line":37,"column":5}},"28":{"start":{"line":36,"column":8},"end":{"line":36,"column":27}},"29":{"start":{"line":39,"column":4},"end":{"line":58,"column":5}},"30":{"start":{"line":40,"column":8},"end":{"line":42,"column":11}},"31":{"start":{"line":41,"column":12},"end":{"line":41,"column":31}},"32":{"start":{"line":43,"column":8},"end":{"line":45,"column":11}},"33":{"start":{"line":44,"column":12},"end":{"line":44,"column":30}},"34":{"start":{"line":47,"column":8},"end":{"line":57,"column":9}},"35":{"start":{"line":48,"column":12},"end":{"line":51,"column":15}},"36":{"start":{"line":49,"column":16},"end":{"line":49,"column":34}},"37":{"start":{"line":50,"column":16},"end":{"line":50,"column":39}},"38":{"start":{"line":54,"column":12},"end":{"line":56,"column":15}},"39":{"start":{"line":55,"column":16},"end":{"line":55,"column":39}},"40":{"start":{"line":60,"column":4},"end":{"line":81,"column":5}},"41":{"start":{"line":61,"column":8},"end":{"line":65,"column":9}},"42":{"start":{"line":62,"column":12},"end":{"line":64,"column":14}},"43":{"start":{"line":63,"column":16},"end":{"line":63,"column":28}},"44":{"start":{"line":66,"column":8},"end":{"line":70,"column":9}},"45":{"start":{"line":67,"column":12},"end":{"line":69,"column":14}},"46":{"start":{"line":68,"column":16},"end":{"line":68,"column":25}},"47":{"start":{"line":71,"column":8},"end":{"line":71,"column":43}},"48":{"start":{"line":72,"column":8},"end":{"line":76,"column":11}},"49":{"start":{"line":73,"column":12},"end":{"line":75,"column":13}},"50":{"start":{"line":74,"column":16},"end":{"line":74,"column":45}},"51":{"start":{"line":77,"column":8},"end":{"line":79,"column":11}},"52":{"start":{"line":78,"column":12},"end":{"line":78,"column":32}},"53":{"start":{"line":80,"column":8},"end":{"line":80,"column":20}},"54":{"start":{"line":83,"column":4},"end":{"line":87,"column":5}},"55":{"start":{"line":84,"column":8},"end":{"line":86,"column":11}},"56":{"start":{"line":85,"column":12},"end":{"line":85,"column":24}},"57":{"start":{"line":89,"column":4},"end":{"line":94,"column":5}},"58":{"start":{"line":90,"column":8},"end":{"line":93,"column":11}},"59":{"start":{"line":91,"column":12},"end":{"line":91,"column":17}},"60":{"start":{"line":92,"column":12},"end":{"line":92,"column":24}},"61":{"start":{"line":96,"column":4},"end":{"line":101,"column":5}},"62":{"start":{"line":97,"column":8},"end":{"line":100,"column":10}},"63":{"start":{"line":98,"column":26},"end":{"line":98,"column":38}},"64":{"start":{"line":99,"column":27},"end":{"line":99,"column":39}},"65":{"start":{"line":103,"column":4},"end":{"line":109,"column":5}},"66":{"start":{"line":104,"column":8},"end":{"line":104,"column":29}},"67":{"start":{"line":105,"column":8},"end":{"line":108,"column":10}},"68":{"start":{"line":106,"column":12},"end":{"line":106,"column":16}},"69":{"start":{"line":107,"column":12},"end":{"line":107,"column":44}},"70":{"start":{"line":111,"column":4},"end":{"line":120,"column":5}},"71":{"start":{"line":112,"column":8},"end":{"line":112,"column":24}},"72":{"start":{"line":113,"column":8},"end":{"line":119,"column":11}},"73":{"start":{"line":114,"column":12},"end":{"line":117,"column":13}},"74":{"start":{"line":115,"column":16},"end":{"line":115,"column":29}},"75":{"start":{"line":116,"column":16},"end":{"line":116,"column":29}},"76":{"start":{"line":118,"column":12},"end":{"line":118,"column":24}},"77":{"start":{"line":122,"column":4},"end":{"line":130,"column":5}},"78":{"start":{"line":123,"column":8},"end":{"line":129,"column":11}},"79":{"start":{"line":124,"column":12},"end":{"line":127,"column":13}},"80":{"start":{"line":125,"column":16},"end":{"line":125,"column":20}},"81":{"start":{"line":126,"column":16},"end":{"line":126,"column":29}},"82":{"start":{"line":128,"column":12},"end":{"line":128,"column":24}},"83":{"start":{"line":132,"column":4},"end":{"line":137,"column":5}},"84":{"start":{"line":133,"column":8},"end":{"line":136,"column":11}},"85":{"start":{"line":134,"column":12},"end":{"line":134,"column":44}},"86":{"start":{"line":134,"column":24},"end":{"line":134,"column":44}},"87":{"start":{"line":135,"column":12},"end":{"line":135,"column":27}},"88":{"start":{"line":139,"column":4},"end":{"line":147,"column":5}},"89":{"start":{"line":140,"column":8},"end":{"line":140,"column":24}},"90":{"start":{"line":141,"column":8},"end":{"line":146,"column":11}},"91":{"start":{"line":142,"column":12},"end":{"line":142,"column":42}},"92":{"start":{"line":142,"column":30},"end":{"line":142,"column":42}},"93":{"start":{"line":143,"column":12},"end":{"line":143,"column":25}},"94":{"start":{"line":144,"column":12},"end":{"line":144,"column":32}},"95":{"start":{"line":145,"column":12},"end":{"line":145,"column":25}},"96":{"start":{"line":149,"column":4},"end":{"line":158,"column":5}},"97":{"start":{"line":150,"column":8},"end":{"line":150,"column":20}},"98":{"start":{"line":151,"column":8},"end":{"line":151,"column":29}},"99":{"start":{"line":152,"column":8},"end":{"line":154,"column":11}},"100":{"start":{"line":153,"column":12},"end":{"line":153,"column":29}},"101":{"start":{"line":155,"column":8},"end":{"line":157,"column":11}},"102":{"start":{"line":156,"column":12},"end":{"line":156,"column":19}},"103":{"start":{"line":160,"column":4},"end":{"line":162,"column":5}},"104":{"start":{"line":161,"column":8},"end":{"line":161,"column":70}},"105":{"start":{"line":161,"column":46},"end":{"line":161,"column":61}},"106":{"start":{"line":164,"column":4},"end":{"line":166,"column":5}},"107":{"start":{"line":165,"column":8},"end":{"line":165,"column":68}},"108":{"start":{"line":165,"column":46},"end":{"line":165,"column":59}},"109":{"start":{"line":168,"column":4},"end":{"line":176,"column":5}},"110":{"start":{"line":169,"column":8},"end":{"line":169,"column":21}},"111":{"start":{"line":170,"column":8},"end":{"line":173,"column":11}},"112":{"start":{"line":171,"column":12},"end":{"line":171,"column":25}},"113":{"start":{"line":172,"column":12},"end":{"line":172,"column":24}},"114":{"start":{"line":174,"column":8},"end":{"line":174,"column":53}},"115":{"start":{"line":174,"column":42},"end":{"line":174,"column":50}},"116":{"start":{"line":175,"column":8},"end":{"line":175,"column":20}},"117":{"start":{"line":178,"column":4},"end":{"line":203,"column":5}},"118":{"start":{"line":179,"column":8},"end":{"line":179,"column":40}},"119":{"start":{"line":180,"column":8},"end":{"line":182,"column":10}},"120":{"start":{"line":181,"column":12},"end":{"line":181,"column":35}},"121":{"start":{"line":184,"column":8},"end":{"line":184,"column":23}},"122":{"start":{"line":186,"column":8},"end":{"line":188,"column":11}},"123":{"start":{"line":187,"column":12},"end":{"line":187,"column":42}},"124":{"start":{"line":190,"column":8},"end":{"line":192,"column":11}},"125":{"start":{"line":191,"column":12},"end":{"line":191,"column":32}},"126":{"start":{"line":195,"column":8},"end":{"line":200,"column":11}},"127":{"start":{"line":196,"column":12},"end":{"line":196,"column":48}},"128":{"start":{"line":197,"column":12},"end":{"line":199,"column":13}},"129":{"start":{"line":198,"column":16},"end":{"line":198,"column":37}},"130":{"start":{"line":202,"column":8},"end":{"line":202,"column":20}},"131":{"start":{"line":206,"column":4},"end":{"line":238,"column":7}},"132":{"start":{"line":207,"column":8},"end":{"line":237,"column":11}},"133":{"start":{"line":208,"column":12},"end":{"line":208,"column":67}},"134":{"start":{"line":209,"column":12},"end":{"line":209,"column":69}},"135":{"start":{"line":209,"column":43},"end":{"line":209,"column":69}},"136":{"start":{"line":210,"column":8},"end":{"line":223,"column":6}},"137":{"start":{"line":211,"column":13},"end":{"line":222,"column":13}},"138":{"start":{"line":212,"column":17},"end":{"line":221,"column":18}},"139":{"start":{"line":214,"column":22},"end":{"line":216,"column":23}},"140":{"start":{"line":215,"column":26},"end":{"line":215,"column":76}},"141":{"start":{"line":219,"column":22},"end":{"line":219,"column":53}},"142":{"start":{"line":220,"column":22},"end":{"line":220,"column":47}},"143":{"start":{"line":225,"column":12},"end":{"line":235,"column":13}},"144":{"start":{"line":227,"column":16},"end":{"line":229,"column":17}},"145":{"start":{"line":228,"column":20},"end":{"line":228,"column":67}},"146":{"start":{"line":232,"column":16},"end":{"line":234,"column":17}},"147":{"start":{"line":233,"column":20},"end":{"line":233,"column":43}},"148":{"start":{"line":236,"column":12},"end":{"line":236,"column":30}},"149":{"start":{"line":241,"column":0},"end":{"line":327,"column":1}},"150":{"start":{"line":242,"column":4},"end":{"line":242,"column":25}},"151":{"start":{"line":243,"column":4},"end":{"line":243,"column":17}},"152":{"start":{"line":244,"column":4},"end":{"line":244,"column":25}},"153":{"start":{"line":246,"column":4},"end":{"line":298,"column":5}},"154":{"start":{"line":247,"column":8},"end":{"line":247,"column":31}},"155":{"start":{"line":249,"column":9},"end":{"line":298,"column":5}},"156":{"start":{"line":250,"column":8},"end":{"line":250,"column":26}},"157":{"start":{"line":251,"column":8},"end":{"line":251,"column":49}},"158":{"start":{"line":252,"column":8},"end":{"line":255,"column":9}},"159":{"start":{"line":253,"column":12},"end":{"line":253,"column":48}},"160":{"start":{"line":253,"column":31},"end":{"line":253,"column":48}},"161":{"start":{"line":254,"column":12},"end":{"line":254,"column":31}},"162":{"start":{"line":256,"column":8},"end":{"line":256,"column":51}},"163":{"start":{"line":256,"column":34},"end":{"line":256,"column":51}},"164":{"start":{"line":258,"column":8},"end":{"line":258,"column":36}},"165":{"start":{"line":259,"column":8},"end":{"line":260,"column":106}},"166":{"start":{"line":260,"column":12},"end":{"line":260,"column":106}},"167":{"start":{"line":262,"column":8},"end":{"line":275,"column":9}},"168":{"start":{"line":263,"column":12},"end":{"line":263,"column":29}},"169":{"start":{"line":264,"column":12},"end":{"line":264,"column":28}},"170":{"start":{"line":267,"column":12},"end":{"line":267,"column":50}},"171":{"start":{"line":268,"column":12},"end":{"line":274,"column":13}},"172":{"start":{"line":269,"column":16},"end":{"line":269,"column":47}},"173":{"start":{"line":272,"column":16},"end":{"line":272,"column":53}},"174":{"start":{"line":273,"column":16},"end":{"line":273,"column":50}},"175":{"start":{"line":277,"column":8},"end":{"line":277,"column":28}},"176":{"start":{"line":278,"column":8},"end":{"line":278,"column":28}},"177":{"start":{"line":280,"column":8},"end":{"line":283,"column":9}},"178":{"start":{"line":281,"column":12},"end":{"line":282,"column":21}},"179":{"start":{"line":281,"column":35},"end":{"line":281,"column":39}},"180":{"start":{"line":282,"column":17},"end":{"line":282,"column":21}},"181":{"start":{"line":285,"column":8},"end":{"line":288,"column":9}},"182":{"start":{"line":286,"column":12},"end":{"line":287,"column":21}},"183":{"start":{"line":286,"column":23},"end":{"line":286,"column":27}},"184":{"start":{"line":287,"column":17},"end":{"line":287,"column":21}},"185":{"start":{"line":290,"column":9},"end":{"line":298,"column":5}},"186":{"start":{"line":291,"column":8},"end":{"line":291,"column":37}},"187":{"start":{"line":292,"column":8},"end":{"line":294,"column":9}},"188":{"start":{"line":293,"column":12},"end":{"line":293,"column":31}},"189":{"start":{"line":297,"column":8},"end":{"line":297,"column":59}},"190":{"start":{"line":299,"column":4},"end":{"line":299,"column":24}},"191":{"start":{"line":300,"column":4},"end":{"line":300,"column":29}},"192":{"start":{"line":301,"column":4},"end":{"line":303,"column":7}},"193":{"start":{"line":302,"column":8},"end":{"line":302,"column":28}},"194":{"start":{"line":304,"column":4},"end":{"line":325,"column":5}},"195":{"start":{"line":305,"column":8},"end":{"line":309,"column":11}},"196":{"start":{"line":306,"column":12},"end":{"line":306,"column":37}},"197":{"start":{"line":306,"column":30},"end":{"line":306,"column":37}},"198":{"start":{"line":307,"column":12},"end":{"line":307,"column":35}},"199":{"start":{"line":308,"column":12},"end":{"line":308,"column":32}},"200":{"start":{"line":312,"column":8},"end":{"line":324,"column":11}},"201":{"start":{"line":313,"column":12},"end":{"line":322,"column":13}},"202":{"start":{"line":314,"column":16},"end":{"line":316,"column":17}},"203":{"start":{"line":315,"column":20},"end":{"line":315,"column":40}},"204":{"start":{"line":319,"column":16},"end":{"line":321,"column":17}},"205":{"start":{"line":320,"column":20},"end":{"line":320,"column":40}},"206":{"start":{"line":323,"column":12},"end":{"line":323,"column":29}},"207":{"start":{"line":326,"column":4},"end":{"line":326,"column":16}},"208":{"start":{"line":329,"column":0},"end":{"line":345,"column":1}},"209":{"start":{"line":331,"column":2},"end":{"line":331,"column":69}},"210":{"start":{"line":331,"column":62},"end":{"line":331,"column":69}},"211":{"start":{"line":333,"column":2},"end":{"line":333,"column":69}},"212":{"start":{"line":336,"column":2},"end":{"line":336,"column":119}},"213":{"start":{"line":336,"column":61},"end":{"line":336,"column":112}},"214":{"start":{"line":337,"column":2},"end":{"line":337,"column":46}},"215":{"start":{"line":338,"column":2},"end":{"line":342,"column":3}},"216":{"start":{"line":339,"column":4},"end":{"line":339,"column":36}},"217":{"start":{"line":340,"column":4},"end":{"line":340,"column":49}},"218":{"start":{"line":341,"column":4},"end":{"line":341,"column":40}},"219":{"start":{"line":344,"column":2},"end":{"line":344,"column":21}},"220":{"start":{"line":348,"column":0},"end":{"line":348,"column":34}},"221":{"start":{"line":349,"column":0},"end":{"line":349,"column":22}}},"branchMap":{"1":{"line":6,"type":"if","locations":[{"start":{"line":6,"column":4},"end":{"line":6,"column":4}},{"start":{"line":6,"column":4},"end":{"line":6,"column":4}}]},"2":{"line":18,"type":"if","locations":[{"start":{"line":18,"column":4},"end":{"line":18,"column":4}},{"start":{"line":18,"column":4},"end":{"line":18,"column":4}}]},"3":{"line":19,"type":"binary-expr","locations":[{"start":{"line":19,"column":19},"end":{"line":19,"column":28}},{"start":{"line":19,"column":32},"end":{"line":19,"column":38}}]},"4":{"line":20,"type":"binary-expr","locations":[{"start":{"line":20,"column":19},"end":{"line":20,"column":28}},{"start":{"line":20,"column":32},"end":{"line":20,"column":38}}]},"5":{"line":21,"type":"binary-expr","locations":[{"start":{"line":21,"column":18},"end":{"line":21,"column":27}},{"start":{"line":21,"column":31},"end":{"line":21,"column":36}}]},"6":{"line":23,"type":"if","locations":[{"start":{"line":23,"column":4},"end":{"line":23,"column":4}},{"start":{"line":23,"column":4},"end":{"line":23,"column":4}}]},"7":{"line":27,"type":"if","locations":[{"start":{"line":27,"column":12},"end":{"line":27,"column":12}},{"start":{"line":27,"column":12},"end":{"line":27,"column":12}}]},"8":{"line":39,"type":"if","locations":[{"start":{"line":39,"column":4},"end":{"line":39,"column":4}},{"start":{"line":39,"column":4},"end":{"line":39,"column":4}}]},"9":{"line":39,"type":"binary-expr","locations":[{"start":{"line":39,"column":8},"end":{"line":39,"column":10}},{"start":{"line":39,"column":14},"end":{"line":39,"column":19}}]},"10":{"line":47,"type":"if","locations":[{"start":{"line":47,"column":8},"end":{"line":47,"column":8}},{"start":{"line":47,"column":8},"end":{"line":47,"column":8}}]},"11":{"line":47,"type":"binary-expr","locations":[{"start":{"line":47,"column":12},"end":{"line":47,"column":25}},{"start":{"line":47,"column":29},"end":{"line":47,"column":50}}]},"12":{"line":61,"type":"if","locations":[{"start":{"line":61,"column":8},"end":{"line":61,"column":8}},{"start":{"line":61,"column":8},"end":{"line":61,"column":8}}]},"13":{"line":66,"type":"if","locations":[{"start":{"line":66,"column":8},"end":{"line":66,"column":8}},{"start":{"line":66,"column":8},"end":{"line":66,"column":8}}]},"14":{"line":73,"type":"if","locations":[{"start":{"line":73,"column":12},"end":{"line":73,"column":12}},{"start":{"line":73,"column":12},"end":{"line":73,"column":12}}]},"15":{"line":114,"type":"if","locations":[{"start":{"line":114,"column":12},"end":{"line":114,"column":12}},{"start":{"line":114,"column":12},"end":{"line":114,"column":12}}]},"16":{"line":124,"type":"if","locations":[{"start":{"line":124,"column":12},"end":{"line":124,"column":12}},{"start":{"line":124,"column":12},"end":{"line":124,"column":12}}]},"17":{"line":134,"type":"if","locations":[{"start":{"line":134,"column":12},"end":{"line":134,"column":12}},{"start":{"line":134,"column":12},"end":{"line":134,"column":12}}]},"18":{"line":142,"type":"if","locations":[{"start":{"line":142,"column":12},"end":{"line":142,"column":12}},{"start":{"line":142,"column":12},"end":{"line":142,"column":12}}]},"19":{"line":142,"type":"binary-expr","locations":[{"start":{"line":142,"column":16},"end":{"line":142,"column":20}},{"start":{"line":142,"column":24},"end":{"line":142,"column":28}}]},"20":{"line":197,"type":"if","locations":[{"start":{"line":197,"column":12},"end":{"line":197,"column":12}},{"start":{"line":197,"column":12},"end":{"line":197,"column":12}}]},"21":{"line":209,"type":"if","locations":[{"start":{"line":209,"column":12},"end":{"line":209,"column":12}},{"start":{"line":209,"column":12},"end":{"line":209,"column":12}}]},"22":{"line":210,"type":"if","locations":[{"start":{"line":210,"column":8},"end":{"line":210,"column":8}},{"start":{"line":210,"column":8},"end":{"line":210,"column":8}}]},"23":{"line":212,"type":"if","locations":[{"start":{"line":212,"column":17},"end":{"line":212,"column":17}},{"start":{"line":212,"column":17},"end":{"line":212,"column":17}}]},"24":{"line":214,"type":"if","locations":[{"start":{"line":214,"column":22},"end":{"line":214,"column":22}},{"start":{"line":214,"column":22},"end":{"line":214,"column":22}}]},"25":{"line":225,"type":"if","locations":[{"start":{"line":225,"column":12},"end":{"line":225,"column":12}},{"start":{"line":225,"column":12},"end":{"line":225,"column":12}}]},"26":{"line":227,"type":"if","locations":[{"start":{"line":227,"column":16},"end":{"line":227,"column":16}},{"start":{"line":227,"column":16},"end":{"line":227,"column":16}}]},"27":{"line":232,"type":"if","locations":[{"start":{"line":232,"column":16},"end":{"line":232,"column":16}},{"start":{"line":232,"column":16},"end":{"line":232,"column":16}}]},"28":{"line":232,"type":"binary-expr","locations":[{"start":{"line":232,"column":20},"end":{"line":232,"column":25}},{"start":{"line":232,"column":29},"end":{"line":232,"column":41}}]},"29":{"line":246,"type":"if","locations":[{"start":{"line":246,"column":4},"end":{"line":246,"column":4}},{"start":{"line":246,"column":4},"end":{"line":246,"column":4}}]},"30":{"line":246,"type":"binary-expr","locations":[{"start":{"line":246,"column":8},"end":{"line":246,"column":24}},{"start":{"line":246,"column":28},"end":{"line":246,"column":54}}]},"31":{"line":249,"type":"if","locations":[{"start":{"line":249,"column":9},"end":{"line":249,"column":9}},{"start":{"line":249,"column":9},"end":{"line":249,"column":9}}]},"32":{"line":249,"type":"binary-expr","locations":[{"start":{"line":249,"column":13},"end":{"line":249,"column":29}},{"start":{"line":249,"column":33},"end":{"line":249,"column":59}}]},"33":{"line":252,"type":"if","locations":[{"start":{"line":252,"column":8},"end":{"line":252,"column":8}},{"start":{"line":252,"column":8},"end":{"line":252,"column":8}}]},"34":{"line":252,"type":"binary-expr","locations":[{"start":{"line":252,"column":12},"end":{"line":252,"column":25}},{"start":{"line":252,"column":29},"end":{"line":252,"column":42}}]},"35":{"line":253,"type":"if","locations":[{"start":{"line":253,"column":12},"end":{"line":253,"column":12}},{"start":{"line":253,"column":12},"end":{"line":253,"column":12}}]},"36":{"line":256,"type":"if","locations":[{"start":{"line":256,"column":8},"end":{"line":256,"column":8}},{"start":{"line":256,"column":8},"end":{"line":256,"column":8}}]},"37":{"line":259,"type":"if","locations":[{"start":{"line":259,"column":8},"end":{"line":259,"column":8}},{"start":{"line":259,"column":8},"end":{"line":259,"column":8}}]},"38":{"line":262,"type":"if","locations":[{"start":{"line":262,"column":8},"end":{"line":262,"column":8}},{"start":{"line":262,"column":8},"end":{"line":262,"column":8}}]},"39":{"line":268,"type":"if","locations":[{"start":{"line":268,"column":12},"end":{"line":268,"column":12}},{"start":{"line":268,"column":12},"end":{"line":268,"column":12}}]},"40":{"line":280,"type":"if","locations":[{"start":{"line":280,"column":8},"end":{"line":280,"column":8}},{"start":{"line":280,"column":8},"end":{"line":280,"column":8}}]},"41":{"line":281,"type":"if","locations":[{"start":{"line":281,"column":12},"end":{"line":281,"column":12}},{"start":{"line":281,"column":12},"end":{"line":281,"column":12}}]},"42":{"line":281,"type":"binary-expr","locations":[{"start":{"line":281,"column":16},"end":{"line":281,"column":24}},{"start":{"line":281,"column":28},"end":{"line":281,"column":33}}]},"43":{"line":285,"type":"if","locations":[{"start":{"line":285,"column":8},"end":{"line":285,"column":8}},{"start":{"line":285,"column":8},"end":{"line":285,"column":8}}]},"44":{"line":286,"type":"if","locations":[{"start":{"line":286,"column":12},"end":{"line":286,"column":12}},{"start":{"line":286,"column":12},"end":{"line":286,"column":12}}]},"45":{"line":290,"type":"if","locations":[{"start":{"line":290,"column":9},"end":{"line":290,"column":9}},{"start":{"line":290,"column":9},"end":{"line":290,"column":9}}]},"46":{"line":290,"type":"binary-expr","locations":[{"start":{"line":290,"column":13},"end":{"line":290,"column":29}},{"start":{"line":290,"column":33},"end":{"line":290,"column":49}}]},"47":{"line":292,"type":"if","locations":[{"start":{"line":292,"column":8},"end":{"line":292,"column":8}},{"start":{"line":292,"column":8},"end":{"line":292,"column":8}}]},"48":{"line":304,"type":"if","locations":[{"start":{"line":304,"column":4},"end":{"line":304,"column":4}},{"start":{"line":304,"column":4},"end":{"line":304,"column":4}}]},"49":{"line":306,"type":"if","locations":[{"start":{"line":306,"column":12},"end":{"line":306,"column":12}},{"start":{"line":306,"column":12},"end":{"line":306,"column":12}}]},"50":{"line":313,"type":"if","locations":[{"start":{"line":313,"column":12},"end":{"line":313,"column":12}},{"start":{"line":313,"column":12},"end":{"line":313,"column":12}}]},"51":{"line":331,"type":"if","locations":[{"start":{"line":331,"column":2},"end":{"line":331,"column":2}},{"start":{"line":331,"column":2},"end":{"line":331,"column":2}}]},"52":{"line":331,"type":"binary-expr","locations":[{"start":{"line":331,"column":6},"end":{"line":331,"column":14}},{"start":{"line":331,"column":18},"end":{"line":331,"column":41}},{"start":{"line":331,"column":45},"end":{"line":331,"column":60}}]},"53":{"line":336,"type":"binary-expr","locations":[{"start":{"line":336,"column":69},"end":{"line":336,"column":80}},{"start":{"line":336,"column":82},"end":{"line":336,"column":86}}]},"54":{"line":336,"type":"binary-expr","locations":[{"start":{"line":336,"column":91},"end":{"line":336,"column":103}},{"start":{"line":336,"column":105},"end":{"line":336,"column":110}}]}},"code":["var EventEmitter = require('events').EventEmitter;","var util = require('util');","var stream = require('stream');","","function Lazy(em, opts) {","    if (!(this instanceof Lazy)) return new Lazy(em, opts);","    EventEmitter.call(this);","    var self = this;","","","    self.once = function (name, f) {","        self.on(name, function g () {","            self.removeListener(name, g);","            f.apply(this, arguments);","        });","    }","","    if (!opts) opts = {};","    var dataName = opts.data || 'data';","    var pipeName = opts.pipe || 'pipe';","    var endName = opts.pipe || 'end';","","    if (pipeName != endName) {","        var piped = false;","        self.once(pipeName, function () { piped = true });","        self.once(endName, function () {","            if (!piped) self.emit(pipeName);","        });","    }","","    self.push = function (x) {","        self.emit(dataName, x);","    }","","    self.end = function () {","        self.emit(endName);","    }","","    if (em && em.on) {","        em.on(endName, function () {","            self.emit(endName);","        });","        self.on(pipeName, function () {","            em.emit(pipeName);","        });","        // Check for v0.10 or Greater (Stream2 has Duplex type)","        if (stream.Duplex && em instanceof(stream)) {","            em.on('readable', function () {","                var x = em.read();","                self.emit(dataName, x);","            });","        } else {","            // Old Stream1 or Event support","            em.on(dataName, function (x) {","                self.emit(dataName, x);","            });","        }","    }","","    function newLazy (g, h, l) {","        if (!g) {","            g = function () {","                return true;","            };","        }","        if (!h) {","            h = function (x) {","                return x;","            };","        }","        var lazy = new Lazy(null, opts, l);","        self.on(dataName, function (x, y) {","            if (g.call(lazy, x)) {","                lazy.emit(dataName, h(x), y);","            }","        });","        self.once(pipeName, function () {","            lazy.emit(pipeName);","        });","        return lazy;","    }","","    self.filter = function (f) {","        return newLazy(function (x) {","            return f(x);","        });","    }","","    self.forEach = function (f) {","        return newLazy(function (x) {","            f(x);","            return true;","        });","    }","","    self.map = function (f) {","        return newLazy(","            function () { return true },","            function (x) { return f(x) }","        );","    }","","    self.head = function (f) {","        var lazy = newLazy();","        lazy.on(dataName, function g (x) {","            f(x)","            lazy.removeListener(dataName, g)","        })","    }","","    self.tail = function () {","        var skip = true;","        return newLazy(function () {","            if (skip) {","                skip = false;","                return false;","            }","            return true;","        });","    }","","    self.skip = function (n) {","        return newLazy(function () {","            if (n > 0) {","                n--;","                return false;","            }","            return true;","        });","    }","","    self.take = function (n) {","        return newLazy(function () {","            if (n == 0) self.emit(pipeName);","            return n-- > 0;","        });","    }","","    self.takeWhile = function (f) {","        var cond = true;","        return newLazy(function (x) {","            if (cond && f(x)) return true;","            cond = false;","            self.emit(pipeName);","            return false;","        });","    }","","    self.foldr = function (op, i, f) {","        var acc = i;","        var lazy = newLazy();","        lazy.on(dataName, function g (x) {","            acc = op(x, acc);","        });","        lazy.once(pipeName, function () {","            f(acc);","        });","    }","","    self.sum = function (f) {","        return self.foldr(function (x, acc) { return x + acc }, 0, f);","    }","","    self.product = function (f) {","        return self.foldr(function (x, acc) { return x*acc }, 1, f);","    }","","    self.join = function (f) {","        var data = []","        var lazy = newLazy(function (x) {","            data.push(x);","            return true;","        });","        lazy.once(pipeName, function () { f(data) });","        return self;","    }","","    self.bucket = function (init, f) {","        var lazy = new Lazy(null, opts);","        var yieldTo = function (x) {","            lazy.emit(dataName, x);","        };","","        var acc = init;","","        self.on(dataName, function (x) {","            acc = f.call(yieldTo, acc, x);","        });","","        self.once(pipeName, function () {","            lazy.emit(pipeName);","        });","","        // flush on end event","        self.once(endName, function () {","            var finalBuffer = mergeBuffers(acc);","            if (finalBuffer) {","                yieldTo(finalBuffer);","            }","        });","","        return lazy;","    }","","    // Streams that use this should emit strings or buffers only","    self.__defineGetter__('lines', function () {","        return self.bucket([], function (chunkArray, chunk) {","            var newline = '\\n'.charCodeAt(0), lastNewLineIndex = 0;","            if (typeof chunk === 'string') chunk = new Buffer(chunk);","        if (chunk){","            \tfor (var i = 0; i < chunk.length; i++) {","                \tif (chunk[i] === newline) {","                    \t// If we have content from the current chunk to append to our buffers, do it.","                    \t\tif (i > 0) {","                        \t\tchunkArray.push(chunk.slice(lastNewLineIndex, i));","                    \t\t}","","                    \t\t// Wrap all our buffers and emit it.","                    \t\tthis(mergeBuffers(chunkArray));","                    \t\tlastNewLineIndex = i + 1;","                \t}","            }","\t    }","","            if (lastNewLineIndex > 0) {","                // New line found in the chunk, push the remaining part of the buffer.","                if (lastNewLineIndex < chunk.length) {","                    chunkArray.push(chunk.slice(lastNewLineIndex));","                }","            } else {","                // No new line found, push the whole buffer.","                if (chunk && chunk.length) {","                    chunkArray.push(chunk);","                }","            }","            return chunkArray;","        });","    });","}","","Lazy.range = function () {","    var args = arguments;","    var step = 1;","    var infinite = false;","","    if (args.length == 1 && typeof args[0] == 'number') {","        var i = 0, j = args[0];","    }","    else if (args.length == 1 && typeof args[0] == 'string') { // 'start[,next]..[end]'","        var arg = args[0];","        var startOpen = false, endClosed = false;","        if (arg[0] == '(' || arg[0] == '[') {","            if (arg[0] == '(') startOpen = true;","            arg = arg.slice(1);","        }","        if (arg.slice(-1) == ']') endClosed = true;","","        var parts = arg.split('..');","        if (parts.length != 2)","            throw new Error(\"single argument range takes 'start..' or 'start..end' or 'start,next..end'\");","","        if (parts[1] == '') { // 'start..'","            var i = parts[0];","            infinite = true;","        }","        else { // 'start[,next]..end'","            var progression = parts[0].split(',');","            if (progression.length == 1) { // start..end","                var i = parts[0], j = parts[1];","            }","            else { // 'start,next..end'","                var i = progression[0], j = parts[1];","                step = Math.abs(progression[1]-i);","            }","        }","","        i = parseInt(i, 10);","        j = parseInt(j, 10);","","        if (startOpen) {","            if (infinite || i < j) i++;","            else i--;","        }","","        if (endClosed) {","            if (i < j) j++;","            else j--;","        }","    }","    else if (args.length == 2 || args.length == 3) { // start, end[, step]","        var i = args[0], j = args[1];","        if (args.length == 3) {","            var step = args[2];","        }","    }","    else {","        throw new Error(\"range takes 1, 2 or 3 arguments\");","    }","    var lazy = new Lazy;","    var stopInfinite = false;","    lazy.on('pipe', function () {","        stopInfinite = true;","    });","    if (infinite) {","        process.nextTick(function g () {","            if (stopInfinite) return;","            lazy.emit('data', i++);","            process.nextTick(g);","        });","    }","    else {","        process.nextTick(function () {","            if (i < j) {","                for (; i<j; i+=step) {","                    lazy.emit('data', i)","                }","            }","            else {","                for (; i>j; i-=step) {","                    lazy.emit('data', i)","                }","            }","            lazy.emit('end');","        });","    }","    return lazy;","}","","var mergeBuffers = function mergeBuffers(buffers) {","  // We expect buffers to be a non-empty Array","  if (!buffers || !Array.isArray(buffers) || !buffers.length) return;","","  var finalBufferLength, finalBuffer, currentBuffer, currentSize = 0;","","  // Sum all the buffers lengths","  finalBufferLength = buffers.reduce(function(left, right) { return (left.length||left) + (right.length||right); }, 0);","  finalBuffer = new Buffer(finalBufferLength);","  while(buffers.length) {","    currentBuffer = buffers.shift();","    currentBuffer.copy(finalBuffer, currentSize);","    currentSize += currentBuffer.length;","  }","","  return finalBuffer;","}","","","util.inherits(Lazy, EventEmitter);","module.exports = Lazy;",""],"l":{"1":1,"2":1,"3":1,"5":1,"6":0,"7":0,"8":0,"11":0,"12":0,"13":0,"14":0,"18":0,"19":0,"20":0,"21":0,"23":0,"24":0,"25":0,"26":0,"27":0,"31":0,"32":0,"35":0,"36":0,"39":0,"40":0,"41":0,"43":0,"44":0,"47":0,"48":0,"49":0,"50":0,"54":0,"55":0,"60":1,"61":0,"62":0,"63":0,"66":0,"67":0,"68":0,"71":0,"72":0,"73":0,"74":0,"77":0,"78":0,"80":0,"83":0,"84":0,"85":0,"89":0,"90":0,"91":0,"92":0,"96":0,"97":0,"98":0,"99":0,"103":0,"104":0,"105":0,"106":0,"107":0,"111":0,"112":0,"113":0,"114":0,"115":0,"116":0,"118":0,"122":0,"123":0,"124":0,"125":0,"126":0,"128":0,"132":0,"133":0,"134":0,"135":0,"139":0,"140":0,"141":0,"142":0,"143":0,"144":0,"145":0,"149":0,"150":0,"151":0,"152":0,"153":0,"155":0,"156":0,"160":0,"161":0,"164":0,"165":0,"168":0,"169":0,"170":0,"171":0,"172":0,"174":0,"175":0,"178":0,"179":0,"180":0,"181":0,"184":0,"186":0,"187":0,"190":0,"191":0,"195":0,"196":0,"197":0,"198":0,"202":0,"206":0,"207":0,"208":0,"209":0,"210":0,"211":0,"212":0,"214":0,"215":0,"219":0,"220":0,"225":0,"227":0,"228":0,"232":0,"233":0,"236":0,"241":1,"242":0,"243":0,"244":0,"246":0,"247":0,"249":0,"250":0,"251":0,"252":0,"253":0,"254":0,"256":0,"258":0,"259":0,"260":0,"262":0,"263":0,"264":0,"267":0,"268":0,"269":0,"272":0,"273":0,"277":0,"278":0,"280":0,"281":0,"282":0,"285":0,"286":0,"287":0,"290":0,"291":0,"292":0,"293":0,"297":0,"299":0,"300":0,"301":0,"302":0,"304":0,"305":0,"306":0,"307":0,"308":0,"312":0,"313":0,"314":0,"315":0,"319":0,"320":0,"323":0,"326":0,"329":1,"331":0,"333":0,"336":0,"337":0,"338":0,"339":0,"340":0,"341":0,"344":0,"348":1,"349":1}}}